<!DOCTYPE html>

<html>
  <head>
  <title>TestNG reports</title>

    <link type="text/css" href="testng-reports.css" rel="stylesheet" />  
    <script type="text/javascript" src="jquery-1.7.1.min.js"></script>
    <script type="text/javascript" src="testng-reports.js"></script>
    <script type="text/javascript" src="https://www.google.com/jsapi"></script>
    <script type='text/javascript'>
      google.load('visualization', '1', {packages:['table']});
      google.setOnLoadCallback(drawTable);
      var suiteTableInitFunctions = new Array();
      var suiteTableData = new Array();
    </script>
    <!--
      <script type="text/javascript" src="jquery-ui/js/jquery-ui-1.8.16.custom.min.js"></script>
     -->
  </head>

  <body>
    <div class="top-banner-root">
      <span class="top-banner-title-font">Test results</span>
      <br/>
      <span class="top-banner-font-1">1 suite, 27 failed tests</span>
    </div> <!-- top-banner-root -->
    <div class="navigator-root">
      <div class="navigator-suite-header">
        <span>All suites</span>
        <a href="#" class="collapse-all-link" title="Collapse/expand all the suites">
          <img class="collapse-all-icon" src="collapseall.gif">
          </img> <!-- collapse-all-icon -->
        </a> <!-- collapse-all-link -->
      </div> <!-- navigator-suite-header -->
      <div class="suite">
        <div class="rounded-window">
          <div class="suite-header light-rounded-window-top">
            <a href="#" class="navigator-link" panel-name="suite-Suite">
              <span class="suite-name border-failed">Suite</span>
            </a> <!-- navigator-link -->
          </div> <!-- suite-header light-rounded-window-top -->
          <div class="navigator-suite-content">
            <div class="suite-section-title">
              <span>Info</span>
            </div> <!-- suite-section-title -->
            <div class="suite-section-content">
              <ul>
                <li>
                  <a href="#" class="navigator-link " panel-name="test-xml-Suite">
                    <span>D:\Livestable_Smoke\livestable_Smoak\testng.xml</span>
                  </a> <!-- navigator-link  -->
                </li>
                <li>
                  <a href="#" class="navigator-link " panel-name="testlist-Suite">
                    <span class="test-stats">1 test</span>
                  </a> <!-- navigator-link  -->
                </li>
                <li>
                  <a href="#" class="navigator-link " panel-name="group-Suite">
                    <span>0 groups</span>
                  </a> <!-- navigator-link  -->
                </li>
                <li>
                  <a href="#" class="navigator-link " panel-name="times-Suite">
                    <span>Times</span>
                  </a> <!-- navigator-link  -->
                </li>
                <li>
                  <a href="#" class="navigator-link " panel-name="reporter-Suite">
                    <span>Reporter output</span>
                  </a> <!-- navigator-link  -->
                </li>
                <li>
                  <a href="#" class="navigator-link " panel-name="ignored-methods-Suite">
                    <span>Ignored methods</span>
                  </a> <!-- navigator-link  -->
                </li>
                <li>
                  <a href="#" class="navigator-link " panel-name="chronological-Suite">
                    <span>Chronological view</span>
                  </a> <!-- navigator-link  -->
                </li>
              </ul>
            </div> <!-- suite-section-content -->
            <div class="result-section">
              <div class="suite-section-title">
                <span>Results</span>
              </div> <!-- suite-section-title -->
              <div class="suite-section-content">
                <ul>
                  <li>
                    <span class="method-stats">42 methods, 27 failed,   15 passed</span>
                  </li>
                  <li>
                    <span class="method-list-title failed">Failed methods</span>
                    <span class="show-or-hide-methods failed">
                      <a href="#" panel-name="suite-Suite" class="hide-methods failed suite-Suite"> (hide)</a> <!-- hide-methods failed suite-Suite -->
                      <a href="#" panel-name="suite-Suite" class="show-methods failed suite-Suite"> (show)</a> <!-- show-methods failed suite-Suite -->
                    </span>
                    <div class="method-list-content failed suite-Suite">
                      <span>
                        <img width="3%" src="failed.png"/>
                        <a href="#" class="method navigator-link" panel-name="suite-Suite" title="com.hotelogix.smoke.FrontdeskTest.FrontdeskTest" hash-for-method="TC_194_195_196_197_198_199_200_201">TC_194_195_196_197_198_199_200_201</a> <!-- method navigator-link -->
                      </span>
                      <br/>
                      <span>
                        <img width="3%" src="failed.png"/>
                        <a href="#" class="method navigator-link" panel-name="suite-Suite" title="com.hotelogix.smoke.FrontdeskTest.FrontdeskTest" hash-for-method="fn_CreateGroupReservOnWeb">fn_CreateGroupReservOnWeb</a> <!-- method navigator-link -->
                      </span>
                      <br/>
                      <span>
                        <img width="3%" src="failed.png"/>
                        <a href="#" class="method navigator-link" panel-name="suite-Suite" title="com.hotelogix.smoke.FrontdeskTest.FrontdeskTest" hash-for-method="fn_verifyAutoNAPostingsInAccounts">fn_verifyAutoNAPostingsInAccounts</a> <!-- method navigator-link -->
                      </span>
                      <br/>
                      <span>
                        <img width="3%" src="failed.png"/>
                        <a href="#" class="method navigator-link" panel-name="suite-Suite" title="com.hotelogix.smoke.FrontdeskTest.FrontdeskTest" hash-for-method="fn_verifyCashierReport">fn_verifyCashierReport</a> <!-- method navigator-link -->
                      </span>
                      <br/>
                      <span>
                        <img width="3%" src="failed.png"/>
                        <a href="#" class="method navigator-link" panel-name="suite-Suite" title="com.hotelogix.smoke.FrontdeskTest.FrontdeskTest" hash-for-method="fn_verifyCheckinBtnForSingleGuestInGrpReserv">fn_verifyCheckinBtnForSingleGuestInGrpReserv</a> <!-- method navigator-link -->
                      </span>
                      <br/>
                      <span>
                        <img width="3%" src="failed.png"/>
                        <a href="#" class="method navigator-link" panel-name="suite-Suite" title="com.hotelogix.smoke.FrontdeskTest.FrontdeskTest" hash-for-method="fn_verifyCheckinBtnInSingleReserv">fn_verifyCheckinBtnInSingleReserv</a> <!-- method navigator-link -->
                      </span>
                      <br/>
                      <span>
                        <img width="3%" src="failed.png"/>
                        <a href="#" class="method navigator-link" panel-name="suite-Suite" title="com.hotelogix.smoke.FrontdeskTest.FrontdeskTest" hash-for-method="fn_verifyCheckinSelectedInGrpReserv">fn_verifyCheckinSelectedInGrpReserv</a> <!-- method navigator-link -->
                      </span>
                      <br/>
                      <span>
                        <img width="3%" src="failed.png"/>
                        <a href="#" class="method navigator-link" panel-name="suite-Suite" title="com.hotelogix.smoke.FrontdeskTest.FrontdeskTest" hash-for-method="fn_verifyCheckoutSelectedInGrpReserv">fn_verifyCheckoutSelectedInGrpReserv</a> <!-- method navigator-link -->
                      </span>
                      <br/>
                      <span>
                        <img width="3%" src="failed.png"/>
                        <a href="#" class="method navigator-link" panel-name="suite-Suite" title="com.hotelogix.smoke.FrontdeskTest.FrontdeskTest" hash-for-method="fn_verifyChkoutForSingleGuestInGrpReserv">fn_verifyChkoutForSingleGuestInGrpReserv</a> <!-- method navigator-link -->
                      </span>
                      <br/>
                      <span>
                        <img width="3%" src="failed.png"/>
                        <a href="#" class="method navigator-link" panel-name="suite-Suite" title="com.hotelogix.smoke.FrontdeskTest.FrontdeskTest" hash-for-method="fn_verifyEarlyCheckinBtnForSingleGuestInGrpReserv">fn_verifyEarlyCheckinBtnForSingleGuestInGrpReserv</a> <!-- method navigator-link -->
                      </span>
                      <br/>
                      <span>
                        <img width="3%" src="failed.png"/>
                        <a href="#" class="method navigator-link" panel-name="suite-Suite" title="com.hotelogix.smoke.FrontdeskTest.FrontdeskTest" hash-for-method="fn_verifyEarlyCheckinBtnInReserv">fn_verifyEarlyCheckinBtnInReserv</a> <!-- method navigator-link -->
                      </span>
                      <br/>
                      <span>
                        <img width="3%" src="failed.png"/>
                        <a href="#" class="method navigator-link" panel-name="suite-Suite" title="com.hotelogix.smoke.FrontdeskTest.FrontdeskTest" hash-for-method="fn_verifyEnableEditingCheckoutInSingleReserv">fn_verifyEnableEditingCheckoutInSingleReserv</a> <!-- method navigator-link -->
                      </span>
                      <br/>
                      <span>
                        <img width="3%" src="failed.png"/>
                        <a href="#" class="method navigator-link" panel-name="suite-Suite" title="com.hotelogix.smoke.FrontdeskTest.FrontdeskTest" hash-for-method="fn_verifyEnableEditingLateCheckoutInSingleReserv">fn_verifyEnableEditingLateCheckoutInSingleReserv</a> <!-- method navigator-link -->
                      </span>
                      <br/>
                      <span>
                        <img width="3%" src="failed.png"/>
                        <a href="#" class="method navigator-link" panel-name="suite-Suite" title="com.hotelogix.smoke.FrontdeskTest.FrontdeskTest" hash-for-method="fn_verifyExportOfDiscountReport">fn_verifyExportOfDiscountReport</a> <!-- method navigator-link -->
                      </span>
                      <br/>
                      <span>
                        <img width="3%" src="failed.png"/>
                        <a href="#" class="method navigator-link" panel-name="suite-Suite" title="com.hotelogix.smoke.FrontdeskTest.FrontdeskTest" hash-for-method="fn_verifyExpressCheckoutInSingleReserv">fn_verifyExpressCheckoutInSingleReserv</a> <!-- method navigator-link -->
                      </span>
                      <br/>
                      <span>
                        <img width="3%" src="failed.png"/>
                        <a href="#" class="method navigator-link" panel-name="suite-Suite" title="com.hotelogix.smoke.FrontdeskTest.FrontdeskTest" hash-for-method="fn_verifyExpressChkoutInGrpReserv">fn_verifyExpressChkoutInGrpReserv</a> <!-- method navigator-link -->
                      </span>
                      <br/>
                      <span>
                        <img width="3%" src="failed.png"/>
                        <a href="#" class="method navigator-link" panel-name="suite-Suite" title="com.hotelogix.smoke.FrontdeskTest.FrontdeskTest" hash-for-method="fn_verifyGroupCheckinBtnInGrpReserv">fn_verifyGroupCheckinBtnInGrpReserv</a> <!-- method navigator-link -->
                      </span>
                      <br/>
                      <span>
                        <img width="3%" src="failed.png"/>
                        <a href="#" class="method navigator-link" panel-name="suite-Suite" title="com.hotelogix.smoke.FrontdeskTest.FrontdeskTest" hash-for-method="fn_verifyGroupChkoutInGrpReserv">fn_verifyGroupChkoutInGrpReserv</a> <!-- method navigator-link -->
                      </span>
                      <br/>
                      <span>
                        <img width="3%" src="failed.png"/>
                        <a href="#" class="method navigator-link" panel-name="suite-Suite" title="com.hotelogix.smoke.FrontdeskTest.FrontdeskTest" hash-for-method="fn_verifyGrpChkoutBtnOnEnableEditing">fn_verifyGrpChkoutBtnOnEnableEditing</a> <!-- method navigator-link -->
                      </span>
                      <br/>
                      <span>
                        <img width="3%" src="failed.png"/>
                        <a href="#" class="method navigator-link" panel-name="suite-Suite" title="com.hotelogix.smoke.FrontdeskTest.FrontdeskTest" hash-for-method="fn_verifyGuestCheckinBtnForSingleGuestInGrpReserv">fn_verifyGuestCheckinBtnForSingleGuestInGrpReserv</a> <!-- method navigator-link -->
                      </span>
                      <br/>
                      <span>
                        <img width="3%" src="failed.png"/>
                        <a href="#" class="method navigator-link" panel-name="suite-Suite" title="com.hotelogix.smoke.FrontdeskTest.FrontdeskTest" hash-for-method="fn_verifyGuestCheckoutInSingleReserv">fn_verifyGuestCheckoutInSingleReserv</a> <!-- method navigator-link -->
                      </span>
                      <br/>
                      <span>
                        <img width="3%" src="failed.png"/>
                        <a href="#" class="method navigator-link" panel-name="suite-Suite" title="com.hotelogix.smoke.FrontdeskTest.FrontdeskTest" hash-for-method="fn_verifyGuestEarlyCheckinBtnForSingleGuestInGrpReserv">fn_verifyGuestEarlyCheckinBtnForSingleGuestInGrpReserv</a> <!-- method navigator-link -->
                      </span>
                      <br/>
                      <span>
                        <img width="3%" src="failed.png"/>
                        <a href="#" class="method navigator-link" panel-name="suite-Suite" title="com.hotelogix.smoke.FrontdeskTest.FrontdeskTest" hash-for-method="fn_verifyLateChkoutForSingleGuestInGrpReserv">fn_verifyLateChkoutForSingleGuestInGrpReserv</a> <!-- method navigator-link -->
                      </span>
                      <br/>
                      <span>
                        <img width="3%" src="failed.png"/>
                        <a href="#" class="method navigator-link" panel-name="suite-Suite" title="com.hotelogix.smoke.FrontdeskTest.FrontdeskTest" hash-for-method="fn_verifyRgtClickGroupCheckoutLink">fn_verifyRgtClickGroupCheckoutLink</a> <!-- method navigator-link -->
                      </span>
                      <br/>
                      <span>
                        <img width="3%" src="failed.png"/>
                        <a href="#" class="method navigator-link" panel-name="suite-Suite" title="com.hotelogix.smoke.FrontdeskTest.FrontdeskTest" hash-for-method="fn_verifyRtClkCheckoutInSingleReserv">fn_verifyRtClkCheckoutInSingleReserv</a> <!-- method navigator-link -->
                      </span>
                      <br/>
                      <span>
                        <img width="3%" src="failed.png"/>
                        <a href="#" class="method navigator-link" panel-name="suite-Suite" title="com.hotelogix.smoke.FrontdeskTest.FrontdeskTest" hash-for-method="fn_verifySingleLinkAndEarlyCheckinBtn">fn_verifySingleLinkAndEarlyCheckinBtn</a> <!-- method navigator-link -->
                      </span>
                      <br/>
                      <span>
                        <img width="3%" src="failed.png"/>
                        <a href="#" class="method navigator-link" panel-name="suite-Suite" title="com.hotelogix.smoke.FrontdeskTest.FrontdeskTest" hash-for-method="fn_verifySingleLnkAndGuestCheckinLnk">fn_verifySingleLnkAndGuestCheckinLnk</a> <!-- method navigator-link -->
                      </span>
                      <br/>
                    </div> <!-- method-list-content failed suite-Suite -->
                  </li>
                  <li>
                    <span class="method-list-title passed">Passed methods</span>
                    <span class="show-or-hide-methods passed">
                      <a href="#" panel-name="suite-Suite" class="hide-methods passed suite-Suite"> (hide)</a> <!-- hide-methods passed suite-Suite -->
                      <a href="#" panel-name="suite-Suite" class="show-methods passed suite-Suite"> (show)</a> <!-- show-methods passed suite-Suite -->
                    </span>
                    <div class="method-list-content passed suite-Suite">
                      <span>
                        <img width="3%" src="passed.png"/>
                        <a href="#" class="method navigator-link" panel-name="suite-Suite" title="com.hotelogix.smoke.FrontdeskTest.FrontdeskTest" hash-for-method="TC_180_181_182_183_184_185_186_187_188">TC_180_181_182_183_184_185_186_187_188</a> <!-- method navigator-link -->
                      </span>
                      <br/>
                      <span>
                        <img width="3%" src="passed.png"/>
                        <a href="#" class="method navigator-link" panel-name="suite-Suite" title="com.hotelogix.smoke.FrontdeskTest.FrontdeskTest" hash-for-method="TC_189_190">TC_189_190</a> <!-- method navigator-link -->
                      </span>
                      <br/>
                      <span>
                        <img width="3%" src="passed.png"/>
                        <a href="#" class="method navigator-link" panel-name="suite-Suite" title="com.hotelogix.smoke.FrontdeskTest.FrontdeskTest" hash-for-method="TC_191">TC_191</a> <!-- method navigator-link -->
                      </span>
                      <br/>
                      <span>
                        <img width="3%" src="passed.png"/>
                        <a href="#" class="method navigator-link" panel-name="suite-Suite" title="com.hotelogix.smoke.FrontdeskTest.FrontdeskTest" hash-for-method="fn_verifyCalcOfHouseCountReport">fn_verifyCalcOfHouseCountReport</a> <!-- method navigator-link -->
                      </span>
                      <br/>
                      <span>
                        <img width="3%" src="passed.png"/>
                        <a href="#" class="method navigator-link" panel-name="suite-Suite" title="com.hotelogix.smoke.FrontdeskTest.FrontdeskTest" hash-for-method="fn_verifyExportOfDailySalesReport">fn_verifyExportOfDailySalesReport</a> <!-- method navigator-link -->
                      </span>
                      <br/>
                      <span>
                        <img width="3%" src="passed.png"/>
                        <a href="#" class="method navigator-link" panel-name="suite-Suite" title="com.hotelogix.smoke.FrontdeskTest.FrontdeskTest" hash-for-method="fn_verifyExportOfMonthlySummaryReport">fn_verifyExportOfMonthlySummaryReport</a> <!-- method navigator-link -->
                      </span>
                      <br/>
                      <span>
                        <img width="3%" src="passed.png"/>
                        <a href="#" class="method navigator-link" panel-name="suite-Suite" title="com.hotelogix.smoke.FrontdeskTest.FrontdeskTest" hash-for-method="fn_verifyGroupCheckinBtnIn1N1RGroupReserv">fn_verifyGroupCheckinBtnIn1N1RGroupReserv</a> <!-- method navigator-link -->
                      </span>
                      <br/>
                      <span>
                        <img width="3%" src="passed.png"/>
                        <a href="#" class="method navigator-link" panel-name="suite-Suite" title="com.hotelogix.smoke.FrontdeskTest.FrontdeskTest" hash-for-method="fn_verifyGuestCheckInLnkForSingleReserv">fn_verifyGuestCheckInLnkForSingleReserv</a> <!-- method navigator-link -->
                      </span>
                      <br/>
                      <span>
                        <img width="3%" src="passed.png"/>
                        <a href="#" class="method navigator-link" panel-name="suite-Suite" title="com.hotelogix.smoke.FrontdeskTest.FrontdeskTest" hash-for-method="fn_verifyGuestEarlyCheckinLnkInSingleReserv">fn_verifyGuestEarlyCheckinLnkInSingleReserv</a> <!-- method navigator-link -->
                      </span>
                      <br/>
                      <span>
                        <img width="3%" src="passed.png"/>
                        <a href="#" class="method navigator-link" panel-name="suite-Suite" title="com.hotelogix.smoke.FrontdeskTest.FrontdeskTest" hash-for-method="fn_verifyHouseCountReportForSpecificDateRange">fn_verifyHouseCountReportForSpecificDateRange</a> <!-- method navigator-link -->
                      </span>
                      <br/>
                      <span>
                        <img width="3%" src="passed.png"/>
                        <a href="#" class="method navigator-link" panel-name="suite-Suite" title="com.hotelogix.smoke.FrontdeskTest.FrontdeskTest" hash-for-method="fn_verifyMonthlySummaryReportForSpecificMonth">fn_verifyMonthlySummaryReportForSpecificMonth</a> <!-- method navigator-link -->
                      </span>
                      <br/>
                      <span>
                        <img width="3%" src="passed.png"/>
                        <a href="#" class="method navigator-link" panel-name="suite-Suite" title="com.hotelogix.smoke.FrontdeskTest.FrontdeskTest" hash-for-method="fn_verifyNoShowReportForSpecificDateRange">fn_verifyNoShowReportForSpecificDateRange</a> <!-- method navigator-link -->
                      </span>
                      <br/>
                      <span>
                        <img width="3%" src="passed.png"/>
                        <a href="#" class="method navigator-link" panel-name="suite-Suite" title="com.hotelogix.smoke.FrontdeskTest.FrontdeskTest" hash-for-method="fn_verifyPriceAndDiscAmtOnMoreDetailPage">fn_verifyPriceAndDiscAmtOnMoreDetailPage</a> <!-- method navigator-link -->
                      </span>
                      <br/>
                      <span>
                        <img width="3%" src="passed.png"/>
                        <a href="#" class="method navigator-link" panel-name="suite-Suite" title="com.hotelogix.smoke.FrontdeskTest.FrontdeskTest" hash-for-method="fn_verifySingleLinkAndCheckinBtn">fn_verifySingleLinkAndCheckinBtn</a> <!-- method navigator-link -->
                      </span>
                      <br/>
                      <span>
                        <img width="3%" src="passed.png"/>
                        <a href="#" class="method navigator-link" panel-name="suite-Suite" title="com.hotelogix.smoke.FrontdeskTest.FrontdeskTest" hash-for-method="fn_verifySingleLnkAndEarlyGuestCheckinLnk">fn_verifySingleLnkAndEarlyGuestCheckinLnk</a> <!-- method navigator-link -->
                      </span>
                      <br/>
                    </div> <!-- method-list-content passed suite-Suite -->
                  </li>
                </ul>
              </div> <!-- suite-section-content -->
            </div> <!-- result-section -->
          </div> <!-- navigator-suite-content -->
        </div> <!-- rounded-window -->
      </div> <!-- suite -->
    </div> <!-- navigator-root -->
    <div class="wrapper">
      <div class="main-panel-root">
        <div panel-name="suite-Suite" class="panel Suite">
          <div class="suite-Suite-class-failed">
            <div class="main-panel-header rounded-window-top">
              <img src="failed.png"/>
              <span class="class-name">com.hotelogix.smoke.FrontdeskTest.FrontdeskTest</span>
            </div> <!-- main-panel-header rounded-window-top -->
            <div class="main-panel-content rounded-window-bottom">
              <div class="method">
                <div class="method-content">
                  <a name="TC_194_195_196_197_198_199_200_201">
                  </a> <!-- TC_194_195_196_197_198_199_200_201 -->
                  <span class="method-name">TC_194_195_196_197_198_199_200_201</span>
                  <div class="stack-trace">org.openqa.selenium.remote.UnreachableBrowserException: Error communicating with the remote browser. It may have died.
Build info: version: &apos;2.53.1&apos;, revision: &apos;a36b8b1cd5757287168e54b817830adce9b0158d&apos;, time: &apos;2016-06-30 19:26:09&apos;
System info: host: &apos;HMS-Barkha-QA&apos;, ip: &apos;192.168.2.115&apos;, os.name: &apos;Windows 7&apos;, os.arch: &apos;x86&apos;, os.version: &apos;6.1&apos;, java.version: &apos;1.8.0_40&apos;
Driver info: driver.version: FirefoxDriver
Capabilities [{applicationCacheEnabled=true, rotatable=false, handlesAlerts=true, databaseEnabled=true, version=45.0.1, platform=WINDOWS, nativeEvents=false, acceptSslCerts=true, webStorageEnabled=true, locationContextEnabled=true, browserName=firefox, takesScreenshot=true, javascriptEnabled=true, cssSelectorsEnabled=true}]
Session ID: b1efc703-91f9-40d5-93a9-4c364bdedd04
	at org.openqa.selenium.remote.RemoteWebDriver.execute(RemoteWebDriver.java:665)
	at org.openqa.selenium.remote.RemoteWebDriver.execute(RemoteWebDriver.java:701)
	at org.openqa.selenium.firefox.FirefoxDriver.getScreenshotAs(FirefoxDriver.java:341)
	at com.hotelogix.smoke.genericandbase.GenericMethods.getscreenshot(GenericMethods.java:753)
	at com.hotelogix.smoke.FrontdeskTest.FrontdeskTest.TC_194_195_196_197_198_199_200_201(FrontdeskTest.java:450)
Caused by: org.apache.http.conn.HttpHostConnectException: Connect to 127.0.0.1:7057 [/127.0.0.1] failed: Connection refused: connect
	at org.apache.http.impl.conn.DefaultHttpClientConnectionOperator.connect(DefaultHttpClientConnectionOperator.java:151)
	at org.apache.http.impl.conn.PoolingHttpClientConnectionManager.connect(PoolingHttpClientConnectionManager.java:353)
	at org.apache.http.impl.execchain.MainClientExec.establishRoute(MainClientExec.java:380)
	at org.apache.http.impl.execchain.MainClientExec.execute(MainClientExec.java:236)
	at org.apache.http.impl.execchain.ProtocolExec.execute(ProtocolExec.java:184)
	at org.apache.http.impl.execchain.RetryExec.execute(RetryExec.java:88)
	at org.apache.http.impl.execchain.RedirectExec.execute(RedirectExec.java:110)
	at org.apache.http.impl.client.InternalHttpClient.doExecute(InternalHttpClient.java:184)
	at org.apache.http.impl.client.CloseableHttpClient.execute(CloseableHttpClient.java:71)
	at org.apache.http.impl.client.CloseableHttpClient.execute(CloseableHttpClient.java:55)
	at org.openqa.selenium.remote.internal.ApacheHttpClient.fallBackExecute(ApacheHttpClient.java:144)
	at org.openqa.selenium.remote.internal.ApacheHttpClient.execute(ApacheHttpClient.java:90)
	at org.openqa.selenium.remote.HttpCommandExecutor.execute(HttpCommandExecutor.java:142)
	at org.openqa.selenium.firefox.internal.NewProfileExtensionConnection.execute(NewProfileExtensionConnection.java:160)
	at org.openqa.selenium.firefox.FirefoxDriver$LazyCommandExecutor.execute(FirefoxDriver.java:380)
	at org.openqa.selenium.remote.RemoteWebDriver.execute(RemoteWebDriver.java:644)
	... 31 more
Caused by: java.net.ConnectException: Connection refused: connect
	at java.net.DualStackPlainSocketImpl.waitForConnect(Native Method)
	at java.net.DualStackPlainSocketImpl.socketConnect(DualStackPlainSocketImpl.java:85)
	at java.net.AbstractPlainSocketImpl.doConnect(AbstractPlainSocketImpl.java:345)
	at java.net.AbstractPlainSocketImpl.connectToAddress(AbstractPlainSocketImpl.java:206)
	at java.net.AbstractPlainSocketImpl.connect(AbstractPlainSocketImpl.java:188)
	at java.net.PlainSocketImpl.connect(PlainSocketImpl.java:172)
	at java.net.SocksSocketImpl.connect(SocksSocketImpl.java:392)
	at java.net.Socket.connect(Socket.java:589)
	at org.apache.http.conn.socket.PlainConnectionSocketFactory.connectSocket(PlainConnectionSocketFactory.java:74)
	at org.apache.http.impl.conn.DefaultHttpClientConnectionOperator.connect(DefaultHttpClientConnectionOperator.java:134)
	... 46 more
... Removed 27 stack frames
</div> <!-- stack-trace -->
                  <em>
(Create a web reservation.Verify rates and taxes in booking confirmation mail.Navigate to guest console by clicking on link provided in Account Detail mail and create a web resevration by clicking 'Book Now' link.)                  </em>
                </div> <!-- method-content -->
              </div> <!-- method -->
              <div class="method">
                <div class="method-content">
                  <a name="fn_CreateGroupReservOnWeb">
                  </a> <!-- fn_CreateGroupReservOnWeb -->
                  <span class="method-name">fn_CreateGroupReservOnWeb</span>
                  <div class="stack-trace">org.openqa.selenium.UnhandledAlertException: Unexpected modal dialog (text: You will automatically be logged out of the system as another user with the same username has signed in.
 To continue using this account please log in again.): You will automatically be logged out of the system as another user with the same username has signed in.
 To continue using this account please log in again.
Build info: version: &apos;2.53.1&apos;, revision: &apos;a36b8b1cd5757287168e54b817830adce9b0158d&apos;, time: &apos;2016-06-30 19:26:09&apos;
System info: host: &apos;HMS-Barkha-QA&apos;, ip: &apos;192.168.2.115&apos;, os.name: &apos;Windows 7&apos;, os.arch: &apos;x86&apos;, os.version: &apos;6.1&apos;, java.version: &apos;1.8.0_40&apos;
Driver info: org.openqa.selenium.firefox.FirefoxDriver
Capabilities [{applicationCacheEnabled=true, rotatable=false, handlesAlerts=true, databaseEnabled=true, version=45.0.1, platform=WINDOWS, nativeEvents=false, acceptSslCerts=true, webStorageEnabled=true, locationContextEnabled=true, browserName=firefox, takesScreenshot=true, javascriptEnabled=true, cssSelectorsEnabled=true}]
Session ID: b2997252-c91f-474d-ae4c-4891514cae62
	at org.openqa.selenium.remote.ErrorHandler.createThrowable(ErrorHandler.java:206)
	at org.openqa.selenium.remote.ErrorHandler.createUnhandledAlertException(ErrorHandler.java:187)
	at org.openqa.selenium.remote.ErrorHandler.throwIfResponseFailed(ErrorHandler.java:154)
	at org.openqa.selenium.remote.RemoteWebDriver.execute(RemoteWebDriver.java:678)
	at org.openqa.selenium.remote.RemoteWebDriver.execute(RemoteWebDriver.java:701)
	at org.openqa.selenium.firefox.FirefoxDriver.getScreenshotAs(FirefoxDriver.java:341)
	at com.hotelogix.smoke.genericandbase.GenericMethods.getscreenshot(GenericMethods.java:753)
	at com.hotelogix.smoke.FrontdeskTest.FrontdeskTest.fn_CreateGroupReservOnWeb(FrontdeskTest.java:974)
... Removed 31 stack frames
</div> <!-- stack-trace -->
                  <em>
(Create a group reservation on web console.Verify posted rates and taxes on frontdesk.)                  </em>
                </div> <!-- method-content -->
              </div> <!-- method -->
              <div class="method">
                <div class="method-content">
                  <a name="fn_verifyAutoNAPostingsInAccounts">
                  </a> <!-- fn_verifyAutoNAPostingsInAccounts -->
                  <span class="method-name">fn_verifyAutoNAPostingsInAccounts</span>
                  <div class="stack-trace">org.openqa.selenium.NoSuchElementException: Unable to locate element: {&quot;method&quot;:&quot;xpath&quot;,&quot;selector&quot;:&quot;//input[@value=&apos;Perform Auto Night Audit&apos;]&quot;}
Command duration or timeout: 70.09 seconds
For documentation on this error, please visit: http://seleniumhq.org/exceptions/no_such_element.html
Build info: version: &apos;2.53.1&apos;, revision: &apos;a36b8b1cd5757287168e54b817830adce9b0158d&apos;, time: &apos;2016-06-30 19:26:09&apos;
System info: host: &apos;HMS-Barkha-QA&apos;, ip: &apos;192.168.2.115&apos;, os.name: &apos;Windows 7&apos;, os.arch: &apos;x86&apos;, os.version: &apos;6.1&apos;, java.version: &apos;1.8.0_40&apos;
Driver info: org.openqa.selenium.firefox.FirefoxDriver
Capabilities [{applicationCacheEnabled=true, rotatable=false, handlesAlerts=true, databaseEnabled=true, version=45.0.1, platform=WINDOWS, nativeEvents=false, acceptSslCerts=true, webStorageEnabled=true, locationContextEnabled=true, browserName=firefox, takesScreenshot=true, javascriptEnabled=true, cssSelectorsEnabled=true}]
Session ID: 6ca9edb9-2e53-41ea-b07d-815c7ef7caf4
*** Element info: {Using=xpath, value=//input[@value=&apos;Perform Auto Night Audit&apos;]}
	at org.openqa.selenium.remote.ErrorHandler.createThrowable(ErrorHandler.java:206)
	at org.openqa.selenium.remote.ErrorHandler.throwIfResponseFailed(ErrorHandler.java:158)
	at org.openqa.selenium.remote.RemoteWebDriver.execute(RemoteWebDriver.java:678)
	at org.openqa.selenium.remote.RemoteWebDriver.findElement(RemoteWebDriver.java:363)
	at org.openqa.selenium.remote.RemoteWebDriver.findElementByXPath(RemoteWebDriver.java:500)
	at org.openqa.selenium.By$ByXPath.findElement(By.java:361)
	at org.openqa.selenium.remote.RemoteWebDriver.findElement(RemoteWebDriver.java:355)
	at org.openqa.selenium.support.pagefactory.DefaultElementLocator.findElement(DefaultElementLocator.java:69)
	at org.openqa.selenium.support.pagefactory.internal.LocatingElementHandler.invoke(LocatingElementHandler.java:38)
	at com.sun.proxy.$Proxy5.isDisplayed(Unknown Source)
	at com.hotelogix.smoke.genericandbase.GenericMethods.fn_hold(GenericMethods.java:872)
	at com.hotelogix.smoke.genericandbase.GenericMethods.js_Click(GenericMethods.java:470)
	at com.hotelogix.smoke.frontdesk.FrontdeskHome.FrontdeskLandingPage.fn_AutoNightAudit1(FrontdeskLandingPage.java:846)
	at com.hotelogix.smoke.FrontdeskTest.FrontdeskTest.fn_verifyAutoNAPostingsInAccounts(FrontdeskTest.java:476)
Caused by: org.openqa.selenium.NoSuchElementException: Unable to locate element: {&quot;method&quot;:&quot;xpath&quot;,&quot;selector&quot;:&quot;//input[@value=&apos;Perform Auto Night Audit&apos;]&quot;}
For documentation on this error, please visit: http://seleniumhq.org/exceptions/no_such_element.html
Build info: version: &apos;2.53.1&apos;, revision: &apos;a36b8b1cd5757287168e54b817830adce9b0158d&apos;, time: &apos;2016-06-30 19:26:09&apos;
System info: host: &apos;HMS-Barkha-QA&apos;, ip: &apos;192.168.2.115&apos;, os.name: &apos;Windows 7&apos;, os.arch: &apos;x86&apos;, os.version: &apos;6.1&apos;, java.version: &apos;1.8.0_40&apos;
Driver info: driver.version: unknown
	at &lt;anonymous class&gt;.FirefoxDriver.prototype.findElementInternal_(file:///C:/Users/qa/AppData/Local/Temp/anonymous8145274908512098602webdriver-profile/extensions/fxdriver@googlecode.com/components/driver-component.js:10770)
	at &lt;anonymous class&gt;.fxdriver.Timer.prototype.setTimeout/&lt;.notify(file:///C:/Users/qa/AppData/Local/Temp/anonymous8145274908512098602webdriver-profile/extensions/fxdriver@googlecode.com/components/driver-component.js:625)
... Removed 31 stack frames
</div> <!-- stack-trace -->
                  <em>
(Click on 'Perform Auto Night Audit' on cancel pop-up.Once night audit has been performed, navigate to 'Accounts' page and verify folio postings.)                  </em>
                </div> <!-- method-content -->
              </div> <!-- method -->
              <div class="method">
                <div class="method-content">
                  <a name="fn_verifyCashierReport">
                  </a> <!-- fn_verifyCashierReport -->
                  <span class="method-name">fn_verifyCashierReport</span>
                  <div class="stack-trace">org.openqa.selenium.UnhandledAlertException: Unexpected modal dialog (text: SyntaxError: parseJSON): SyntaxError: parseJSON
Build info: version: &apos;2.53.1&apos;, revision: &apos;a36b8b1cd5757287168e54b817830adce9b0158d&apos;, time: &apos;2016-06-30 19:26:09&apos;
System info: host: &apos;HMS-Barkha-QA&apos;, ip: &apos;192.168.2.115&apos;, os.name: &apos;Windows 7&apos;, os.arch: &apos;x86&apos;, os.version: &apos;6.1&apos;, java.version: &apos;1.8.0_40&apos;
Driver info: org.openqa.selenium.firefox.FirefoxDriver
Capabilities [{applicationCacheEnabled=true, rotatable=false, handlesAlerts=true, databaseEnabled=true, version=45.0.1, platform=WINDOWS, nativeEvents=false, acceptSslCerts=true, webStorageEnabled=true, locationContextEnabled=true, browserName=firefox, takesScreenshot=true, javascriptEnabled=true, cssSelectorsEnabled=true}]
Session ID: e757b3f7-ba49-49c1-b1a2-274bbdf44ba8
	at org.openqa.selenium.remote.ErrorHandler.createThrowable(ErrorHandler.java:206)
	at org.openqa.selenium.remote.ErrorHandler.createUnhandledAlertException(ErrorHandler.java:187)
	at org.openqa.selenium.remote.ErrorHandler.throwIfResponseFailed(ErrorHandler.java:154)
	at org.openqa.selenium.remote.RemoteWebDriver.execute(RemoteWebDriver.java:678)
	at org.openqa.selenium.remote.RemoteWebDriver.execute(RemoteWebDriver.java:701)
	at org.openqa.selenium.remote.RemoteWebDriver.getWindowHandle(RemoteWebDriver.java:555)
	at com.hotelogix.smoke.genericandbase.GenericMethods.GetCurrentWindowID(GenericMethods.java:590)
	at com.hotelogix.smoke.FrontdeskTest.FrontdeskTest.fn_verifyCashierReport(FrontdeskTest.java:615)
... Removed 31 stack frames
</div> <!-- stack-trace -->
                  <em>
(Verify Cashier report for selected counter,POS Point and date range.Also verify 'Print' and 'Export' button functionality.)                  </em>
                </div> <!-- method-content -->
              </div> <!-- method -->
              <div class="method">
                <div class="method-content">
                  <a name="fn_verifyCheckinBtnForSingleGuestInGrpReserv">
                  </a> <!-- fn_verifyCheckinBtnForSingleGuestInGrpReserv -->
                  <span class="method-name">fn_verifyCheckinBtnForSingleGuestInGrpReserv</span>
                  <div class="stack-trace">org.openqa.selenium.UnhandledAlertException: Unexpected modal dialog (text: SyntaxError: parseJSON): SyntaxError: parseJSON
Build info: version: &apos;2.53.1&apos;, revision: &apos;a36b8b1cd5757287168e54b817830adce9b0158d&apos;, time: &apos;2016-06-30 19:26:09&apos;
System info: host: &apos;HMS-Barkha-QA&apos;, ip: &apos;192.168.2.115&apos;, os.name: &apos;Windows 7&apos;, os.arch: &apos;x86&apos;, os.version: &apos;6.1&apos;, java.version: &apos;1.8.0_40&apos;
Driver info: org.openqa.selenium.firefox.FirefoxDriver
Capabilities [{applicationCacheEnabled=true, rotatable=false, handlesAlerts=true, databaseEnabled=true, version=45.0.1, platform=WINDOWS, nativeEvents=false, acceptSslCerts=true, webStorageEnabled=true, locationContextEnabled=true, browserName=firefox, takesScreenshot=true, javascriptEnabled=true, cssSelectorsEnabled=true}]
Session ID: ff575fab-1d4a-43c5-b28b-970c36af8a39
*** Element info: {Using=xpath, value=//input[@value=&apos;Cancel&apos;]}
	at org.openqa.selenium.remote.ErrorHandler.createThrowable(ErrorHandler.java:206)
	at org.openqa.selenium.remote.ErrorHandler.createUnhandledAlertException(ErrorHandler.java:187)
	at org.openqa.selenium.remote.ErrorHandler.throwIfResponseFailed(ErrorHandler.java:154)
	at org.openqa.selenium.remote.RemoteWebDriver.execute(RemoteWebDriver.java:678)
	at org.openqa.selenium.remote.RemoteWebDriver.findElement(RemoteWebDriver.java:363)
	at org.openqa.selenium.remote.RemoteWebDriver.findElementByXPath(RemoteWebDriver.java:500)
	at org.openqa.selenium.By$ByXPath.findElement(By.java:361)
	at org.openqa.selenium.remote.RemoteWebDriver.findElement(RemoteWebDriver.java:355)
	at org.openqa.selenium.support.pagefactory.DefaultElementLocator.findElement(DefaultElementLocator.java:69)
	at org.openqa.selenium.support.pagefactory.internal.LocatingElementHandler.invoke(LocatingElementHandler.java:38)
	at com.sun.proxy.$Proxy5.isDisplayed(Unknown Source)
	at com.hotelogix.smoke.genericandbase.GenericMethods.fn_hold(GenericMethods.java:872)
	at com.hotelogix.smoke.genericandbase.GenericMethods.clickElement(GenericMethods.java:463)
	at com.hotelogix.smoke.frontdesk.FrontdeskHome.FrontdeskLandingPage.fn_ClickOnCancelButton(FrontdeskLandingPage.java:334)
	at com.hotelogix.smoke.FrontdeskTest.FrontdeskTest.fn_verifyCheckinBtnForSingleGuestInGrpReserv(FrontdeskTest.java:1571)
... Removed 31 stack frames
</div> <!-- stack-trace -->
                  <em>
(Create 1N2R group reservation, and verify 'Checkin' button for individual guest/room.)                  </em>
                </div> <!-- method-content -->
              </div> <!-- method -->
              <div class="method">
                <div class="method-content">
                  <a name="fn_verifyCheckinBtnInSingleReserv">
                  </a> <!-- fn_verifyCheckinBtnInSingleReserv -->
                  <span class="method-name">fn_verifyCheckinBtnInSingleReserv</span>
                  <div class="stack-trace">org.openqa.selenium.NoSuchElementException: Unable to locate element: {&quot;method&quot;:&quot;xpath&quot;,&quot;selector&quot;:&quot;//input[@value=&apos;Cancel&apos;]&quot;}
Command duration or timeout: 70.09 seconds
For documentation on this error, please visit: http://seleniumhq.org/exceptions/no_such_element.html
Build info: version: &apos;2.53.1&apos;, revision: &apos;a36b8b1cd5757287168e54b817830adce9b0158d&apos;, time: &apos;2016-06-30 19:26:09&apos;
System info: host: &apos;HMS-Barkha-QA&apos;, ip: &apos;192.168.2.115&apos;, os.name: &apos;Windows 7&apos;, os.arch: &apos;x86&apos;, os.version: &apos;6.1&apos;, java.version: &apos;1.8.0_40&apos;
Driver info: org.openqa.selenium.firefox.FirefoxDriver
Capabilities [{applicationCacheEnabled=true, rotatable=false, handlesAlerts=true, databaseEnabled=true, version=45.0.1, platform=WINDOWS, nativeEvents=false, acceptSslCerts=true, webStorageEnabled=true, locationContextEnabled=true, browserName=firefox, takesScreenshot=true, javascriptEnabled=true, cssSelectorsEnabled=true}]
Session ID: 21917ba6-85a1-4848-aed3-3fab5e94be25
*** Element info: {Using=xpath, value=//input[@value=&apos;Cancel&apos;]}
	at org.openqa.selenium.remote.ErrorHandler.createThrowable(ErrorHandler.java:206)
	at org.openqa.selenium.remote.ErrorHandler.throwIfResponseFailed(ErrorHandler.java:158)
	at org.openqa.selenium.remote.RemoteWebDriver.execute(RemoteWebDriver.java:678)
	at org.openqa.selenium.remote.RemoteWebDriver.findElement(RemoteWebDriver.java:363)
	at org.openqa.selenium.remote.RemoteWebDriver.findElementByXPath(RemoteWebDriver.java:500)
	at org.openqa.selenium.By$ByXPath.findElement(By.java:361)
	at org.openqa.selenium.remote.RemoteWebDriver.findElement(RemoteWebDriver.java:355)
	at org.openqa.selenium.support.pagefactory.DefaultElementLocator.findElement(DefaultElementLocator.java:69)
	at org.openqa.selenium.support.pagefactory.internal.LocatingElementHandler.invoke(LocatingElementHandler.java:38)
	at com.sun.proxy.$Proxy5.isDisplayed(Unknown Source)
	at com.hotelogix.smoke.genericandbase.GenericMethods.fn_hold(GenericMethods.java:872)
	at com.hotelogix.smoke.genericandbase.GenericMethods.clickElement(GenericMethods.java:463)
	at com.hotelogix.smoke.frontdesk.FrontdeskHome.FrontdeskLandingPage.fn_ClickCancelButton(FrontdeskLandingPage.java:477)
	at com.hotelogix.smoke.FrontdeskTest.FrontdeskTest.fn_verifyCheckinBtnInSingleReserv(FrontdeskTest.java:1003)
Caused by: org.openqa.selenium.NoSuchElementException: Unable to locate element: {&quot;method&quot;:&quot;xpath&quot;,&quot;selector&quot;:&quot;//input[@value=&apos;Cancel&apos;]&quot;}
For documentation on this error, please visit: http://seleniumhq.org/exceptions/no_such_element.html
Build info: version: &apos;2.53.1&apos;, revision: &apos;a36b8b1cd5757287168e54b817830adce9b0158d&apos;, time: &apos;2016-06-30 19:26:09&apos;
System info: host: &apos;HMS-Barkha-QA&apos;, ip: &apos;192.168.2.115&apos;, os.name: &apos;Windows 7&apos;, os.arch: &apos;x86&apos;, os.version: &apos;6.1&apos;, java.version: &apos;1.8.0_40&apos;
Driver info: driver.version: unknown
	at &lt;anonymous class&gt;.FirefoxDriver.prototype.findElementInternal_(file:///C:/Users/qa/AppData/Local/Temp/anonymous5915370020999125279webdriver-profile/extensions/fxdriver@googlecode.com/components/driver-component.js:10770)
	at &lt;anonymous class&gt;.fxdriver.Timer.prototype.setTimeout/&lt;.notify(file:///C:/Users/qa/AppData/Local/Temp/anonymous5915370020999125279webdriver-profile/extensions/fxdriver@googlecode.com/components/driver-component.js:625)
... Removed 31 stack frames
</div> <!-- stack-trace -->
                  <em>
(Create a single reservation and verify 'Checkin' button on Enable Editing page.)                  </em>
                </div> <!-- method-content -->
              </div> <!-- method -->
              <div class="method">
                <div class="method-content">
                  <a name="fn_verifyCheckinSelectedInGrpReserv">
                  </a> <!-- fn_verifyCheckinSelectedInGrpReserv -->
                  <span class="method-name">fn_verifyCheckinSelectedInGrpReserv</span>
                  <div class="stack-trace">org.openqa.selenium.UnhandledAlertException: Unexpected modal dialog (text: SyntaxError: parseJSON): SyntaxError: parseJSON
Build info: version: &apos;2.53.1&apos;, revision: &apos;a36b8b1cd5757287168e54b817830adce9b0158d&apos;, time: &apos;2016-06-30 19:26:09&apos;
System info: host: &apos;HMS-Barkha-QA&apos;, ip: &apos;192.168.2.115&apos;, os.name: &apos;Windows 7&apos;, os.arch: &apos;x86&apos;, os.version: &apos;6.1&apos;, java.version: &apos;1.8.0_40&apos;
Driver info: org.openqa.selenium.firefox.FirefoxDriver
Capabilities [{applicationCacheEnabled=true, rotatable=false, handlesAlerts=true, databaseEnabled=true, version=45.0.1, platform=WINDOWS, nativeEvents=false, acceptSslCerts=true, webStorageEnabled=true, locationContextEnabled=true, browserName=firefox, takesScreenshot=true, javascriptEnabled=true, cssSelectorsEnabled=true}]
Session ID: 4cc3d72c-7d38-4b33-83eb-06cc902cca4f
*** Element info: {Using=xpath, value=//input[@value=&apos;Cancel&apos;]}
	at org.openqa.selenium.remote.ErrorHandler.createThrowable(ErrorHandler.java:206)
	at org.openqa.selenium.remote.ErrorHandler.createUnhandledAlertException(ErrorHandler.java:187)
	at org.openqa.selenium.remote.ErrorHandler.throwIfResponseFailed(ErrorHandler.java:154)
	at org.openqa.selenium.remote.RemoteWebDriver.execute(RemoteWebDriver.java:678)
	at org.openqa.selenium.remote.RemoteWebDriver.findElement(RemoteWebDriver.java:363)
	at org.openqa.selenium.remote.RemoteWebDriver.findElementByXPath(RemoteWebDriver.java:500)
	at org.openqa.selenium.By$ByXPath.findElement(By.java:361)
	at org.openqa.selenium.remote.RemoteWebDriver.findElement(RemoteWebDriver.java:355)
	at org.openqa.selenium.support.pagefactory.DefaultElementLocator.findElement(DefaultElementLocator.java:69)
	at org.openqa.selenium.support.pagefactory.internal.LocatingElementHandler.invoke(LocatingElementHandler.java:38)
	at com.sun.proxy.$Proxy5.isDisplayed(Unknown Source)
	at com.hotelogix.smoke.genericandbase.GenericMethods.fn_hold(GenericMethods.java:872)
	at com.hotelogix.smoke.genericandbase.GenericMethods.clickElement(GenericMethods.java:463)
	at com.hotelogix.smoke.frontdesk.FrontdeskHome.FrontdeskLandingPage.fn_ClickOnCancelButton(FrontdeskLandingPage.java:334)
	at com.hotelogix.smoke.FrontdeskTest.FrontdeskTest.fn_verifyCheckinSelectedInGrpReserv(FrontdeskTest.java:1461)
... Removed 31 stack frames
</div> <!-- stack-trace -->
                  <em>
(Create 1N2R reservation, and verify 'Checkin Selected' button)                  </em>
                </div> <!-- method-content -->
              </div> <!-- method -->
              <div class="method">
                <div class="method-content">
                  <a name="fn_verifyCheckoutSelectedInGrpReserv">
                  </a> <!-- fn_verifyCheckoutSelectedInGrpReserv -->
                  <span class="method-name">fn_verifyCheckoutSelectedInGrpReserv</span>
                  <div class="stack-trace">org.openqa.selenium.NoSuchElementException: Unable to locate element: {&quot;method&quot;:&quot;xpath&quot;,&quot;selector&quot;:&quot;//input[@value=&apos;Perform Auto Night Audit&apos;]&quot;}
Command duration or timeout: 70.04 seconds
For documentation on this error, please visit: http://seleniumhq.org/exceptions/no_such_element.html
Build info: version: &apos;2.53.1&apos;, revision: &apos;a36b8b1cd5757287168e54b817830adce9b0158d&apos;, time: &apos;2016-06-30 19:26:09&apos;
System info: host: &apos;HMS-Barkha-QA&apos;, ip: &apos;192.168.2.115&apos;, os.name: &apos;Windows 7&apos;, os.arch: &apos;x86&apos;, os.version: &apos;6.1&apos;, java.version: &apos;1.8.0_40&apos;
Driver info: org.openqa.selenium.firefox.FirefoxDriver
Capabilities [{applicationCacheEnabled=true, rotatable=false, handlesAlerts=true, databaseEnabled=true, version=45.0.1, platform=WINDOWS, nativeEvents=false, acceptSslCerts=true, webStorageEnabled=true, locationContextEnabled=true, browserName=firefox, takesScreenshot=true, javascriptEnabled=true, cssSelectorsEnabled=true}]
Session ID: d5ceb44f-63ff-406d-a2bb-9c9ebe497d48
*** Element info: {Using=xpath, value=//input[@value=&apos;Perform Auto Night Audit&apos;]}
	at org.openqa.selenium.remote.ErrorHandler.createThrowable(ErrorHandler.java:206)
	at org.openqa.selenium.remote.ErrorHandler.throwIfResponseFailed(ErrorHandler.java:158)
	at org.openqa.selenium.remote.RemoteWebDriver.execute(RemoteWebDriver.java:678)
	at org.openqa.selenium.remote.RemoteWebDriver.findElement(RemoteWebDriver.java:363)
	at org.openqa.selenium.remote.RemoteWebDriver.findElementByXPath(RemoteWebDriver.java:500)
	at org.openqa.selenium.By$ByXPath.findElement(By.java:361)
	at org.openqa.selenium.remote.RemoteWebDriver.findElement(RemoteWebDriver.java:355)
	at org.openqa.selenium.support.pagefactory.DefaultElementLocator.findElement(DefaultElementLocator.java:69)
	at org.openqa.selenium.support.pagefactory.internal.LocatingElementHandler.invoke(LocatingElementHandler.java:38)
	at com.sun.proxy.$Proxy5.isDisplayed(Unknown Source)
	at com.hotelogix.smoke.genericandbase.GenericMethods.fn_hold(GenericMethods.java:872)
	at com.hotelogix.smoke.genericandbase.GenericMethods.js_Click(GenericMethods.java:470)
	at com.hotelogix.smoke.frontdesk.FrontdeskHome.FrontdeskLandingPage.fn_AutoNightAudit1(FrontdeskLandingPage.java:856)
	at com.hotelogix.smoke.FrontdeskTest.FrontdeskTest.fn_verifyCheckoutSelectedInGrpReserv(FrontdeskTest.java:2218)
Caused by: org.openqa.selenium.NoSuchElementException: Unable to locate element: {&quot;method&quot;:&quot;xpath&quot;,&quot;selector&quot;:&quot;//input[@value=&apos;Perform Auto Night Audit&apos;]&quot;}
For documentation on this error, please visit: http://seleniumhq.org/exceptions/no_such_element.html
Build info: version: &apos;2.53.1&apos;, revision: &apos;a36b8b1cd5757287168e54b817830adce9b0158d&apos;, time: &apos;2016-06-30 19:26:09&apos;
System info: host: &apos;HMS-Barkha-QA&apos;, ip: &apos;192.168.2.115&apos;, os.name: &apos;Windows 7&apos;, os.arch: &apos;x86&apos;, os.version: &apos;6.1&apos;, java.version: &apos;1.8.0_40&apos;
Driver info: driver.version: unknown
	at &lt;anonymous class&gt;.FirefoxDriver.prototype.findElementInternal_(file:///C:/Users/qa/AppData/Local/Temp/anonymous8270099150167383244webdriver-profile/extensions/fxdriver@googlecode.com/components/driver-component.js:10770)
	at &lt;anonymous class&gt;.fxdriver.Timer.prototype.setTimeout/&lt;.notify(file:///C:/Users/qa/AppData/Local/Temp/anonymous8270099150167383244webdriver-profile/extensions/fxdriver@googlecode.com/components/driver-component.js:625)
... Removed 31 stack frames
</div> <!-- stack-trace -->
                  <em>
(Create 1N1R group reservation, and verify 'Checkout Selected' button on Enable Editing page.)                  </em>
                </div> <!-- method-content -->
              </div> <!-- method -->
              <div class="method">
                <div class="method-content">
                  <a name="fn_verifyChkoutForSingleGuestInGrpReserv">
                  </a> <!-- fn_verifyChkoutForSingleGuestInGrpReserv -->
                  <span class="method-name">fn_verifyChkoutForSingleGuestInGrpReserv</span>
                  <div class="stack-trace">org.openqa.selenium.NoSuchElementException: Unable to locate element: {&quot;method&quot;:&quot;xpath&quot;,&quot;selector&quot;:&quot;//input[@value=&apos;Perform Auto Night Audit&apos;]&quot;}
Command duration or timeout: 70.10 seconds
For documentation on this error, please visit: http://seleniumhq.org/exceptions/no_such_element.html
Build info: version: &apos;2.53.1&apos;, revision: &apos;a36b8b1cd5757287168e54b817830adce9b0158d&apos;, time: &apos;2016-06-30 19:26:09&apos;
System info: host: &apos;HMS-Barkha-QA&apos;, ip: &apos;192.168.2.115&apos;, os.name: &apos;Windows 7&apos;, os.arch: &apos;x86&apos;, os.version: &apos;6.1&apos;, java.version: &apos;1.8.0_40&apos;
Driver info: org.openqa.selenium.firefox.FirefoxDriver
Capabilities [{applicationCacheEnabled=true, rotatable=false, handlesAlerts=true, databaseEnabled=true, version=45.0.1, platform=WINDOWS, nativeEvents=false, acceptSslCerts=true, webStorageEnabled=true, locationContextEnabled=true, browserName=firefox, takesScreenshot=true, javascriptEnabled=true, cssSelectorsEnabled=true}]
Session ID: c2003f33-20df-4b01-b231-af4107a5649e
*** Element info: {Using=xpath, value=//input[@value=&apos;Perform Auto Night Audit&apos;]}
	at org.openqa.selenium.remote.ErrorHandler.createThrowable(ErrorHandler.java:206)
	at org.openqa.selenium.remote.ErrorHandler.throwIfResponseFailed(ErrorHandler.java:158)
	at org.openqa.selenium.remote.RemoteWebDriver.execute(RemoteWebDriver.java:678)
	at org.openqa.selenium.remote.RemoteWebDriver.findElement(RemoteWebDriver.java:363)
	at org.openqa.selenium.remote.RemoteWebDriver.findElementByXPath(RemoteWebDriver.java:500)
	at org.openqa.selenium.By$ByXPath.findElement(By.java:361)
	at org.openqa.selenium.remote.RemoteWebDriver.findElement(RemoteWebDriver.java:355)
	at org.openqa.selenium.support.pagefactory.DefaultElementLocator.findElement(DefaultElementLocator.java:69)
	at org.openqa.selenium.support.pagefactory.internal.LocatingElementHandler.invoke(LocatingElementHandler.java:38)
	at com.sun.proxy.$Proxy5.isDisplayed(Unknown Source)
	at com.hotelogix.smoke.genericandbase.GenericMethods.fn_hold(GenericMethods.java:872)
	at com.hotelogix.smoke.genericandbase.GenericMethods.js_Click(GenericMethods.java:470)
	at com.hotelogix.smoke.frontdesk.FrontdeskHome.FrontdeskLandingPage.fn_AutoNightAudit1(FrontdeskLandingPage.java:846)
	at com.hotelogix.smoke.FrontdeskTest.FrontdeskTest.fn_verifyChkoutForSingleGuestInGrpReserv(FrontdeskTest.java:2395)
Caused by: org.openqa.selenium.NoSuchElementException: Unable to locate element: {&quot;method&quot;:&quot;xpath&quot;,&quot;selector&quot;:&quot;//input[@value=&apos;Perform Auto Night Audit&apos;]&quot;}
For documentation on this error, please visit: http://seleniumhq.org/exceptions/no_such_element.html
Build info: version: &apos;2.53.1&apos;, revision: &apos;a36b8b1cd5757287168e54b817830adce9b0158d&apos;, time: &apos;2016-06-30 19:26:09&apos;
System info: host: &apos;HMS-Barkha-QA&apos;, ip: &apos;192.168.2.115&apos;, os.name: &apos;Windows 7&apos;, os.arch: &apos;x86&apos;, os.version: &apos;6.1&apos;, java.version: &apos;1.8.0_40&apos;
Driver info: driver.version: unknown
	at &lt;anonymous class&gt;.FirefoxDriver.prototype.findElementInternal_(file:///C:/Users/qa/AppData/Local/Temp/anonymous1149752904509874245webdriver-profile/extensions/fxdriver@googlecode.com/components/driver-component.js:10770)
	at &lt;anonymous class&gt;.fxdriver.Timer.prototype.setTimeout/&lt;.notify(file:///C:/Users/qa/AppData/Local/Temp/anonymous1149752904509874245webdriver-profile/extensions/fxdriver@googlecode.com/components/driver-component.js:625)
... Removed 31 stack frames
</div> <!-- stack-trace -->
                  <em>
(Create 1N1R group reservation, and verify 'Check-out' button for single guest.)                  </em>
                </div> <!-- method-content -->
              </div> <!-- method -->
              <div class="method">
                <div class="method-content">
                  <a name="fn_verifyEarlyCheckinBtnForSingleGuestInGrpReserv">
                  </a> <!-- fn_verifyEarlyCheckinBtnForSingleGuestInGrpReserv -->
                  <span class="method-name">fn_verifyEarlyCheckinBtnForSingleGuestInGrpReserv</span>
                  <div class="stack-trace">org.openqa.selenium.NoSuchElementException: Unable to locate element: {&quot;method&quot;:&quot;xpath&quot;,&quot;selector&quot;:&quot;//input[@id=&apos;selCnclReason&apos;]&quot;}
Command duration or timeout: 70.05 seconds
For documentation on this error, please visit: http://seleniumhq.org/exceptions/no_such_element.html
Build info: version: &apos;2.53.1&apos;, revision: &apos;a36b8b1cd5757287168e54b817830adce9b0158d&apos;, time: &apos;2016-06-30 19:26:09&apos;
System info: host: &apos;HMS-Barkha-QA&apos;, ip: &apos;192.168.2.115&apos;, os.name: &apos;Windows 7&apos;, os.arch: &apos;x86&apos;, os.version: &apos;6.1&apos;, java.version: &apos;1.8.0_40&apos;
Driver info: org.openqa.selenium.firefox.FirefoxDriver
Capabilities [{applicationCacheEnabled=true, rotatable=false, handlesAlerts=true, databaseEnabled=true, version=45.0.1, platform=WINDOWS, nativeEvents=false, acceptSslCerts=true, webStorageEnabled=true, locationContextEnabled=true, browserName=firefox, takesScreenshot=true, javascriptEnabled=true, cssSelectorsEnabled=true}]
Session ID: c7a5e3d7-543d-4a8f-8bb1-da9524ec1537
*** Element info: {Using=xpath, value=//input[@id=&apos;selCnclReason&apos;]}
	at org.openqa.selenium.remote.ErrorHandler.createThrowable(ErrorHandler.java:206)
	at org.openqa.selenium.remote.ErrorHandler.throwIfResponseFailed(ErrorHandler.java:158)
	at org.openqa.selenium.remote.RemoteWebDriver.execute(RemoteWebDriver.java:678)
	at org.openqa.selenium.remote.RemoteWebDriver.findElement(RemoteWebDriver.java:363)
	at org.openqa.selenium.remote.RemoteWebDriver.findElementByXPath(RemoteWebDriver.java:500)
	at org.openqa.selenium.By$ByXPath.findElement(By.java:361)
	at org.openqa.selenium.remote.RemoteWebDriver.findElement(RemoteWebDriver.java:355)
	at org.openqa.selenium.support.pagefactory.DefaultElementLocator.findElement(DefaultElementLocator.java:69)
	at org.openqa.selenium.support.pagefactory.internal.LocatingElementHandler.invoke(LocatingElementHandler.java:38)
	at com.sun.proxy.$Proxy5.isDisplayed(Unknown Source)
	at com.hotelogix.smoke.genericandbase.GenericMethods.sendKeys(GenericMethods.java:347)
	at com.hotelogix.smoke.frontdesk.ViewDetailsPage.GroupToSingleReservationPage.fn_clkEarlyCheckinBtn(GroupToSingleReservationPage.java:615)
	at com.hotelogix.smoke.FrontdeskTest.FrontdeskTest.fn_verifyEarlyCheckinBtnForSingleGuestInGrpReserv(FrontdeskTest.java:1622)
Caused by: org.openqa.selenium.NoSuchElementException: Unable to locate element: {&quot;method&quot;:&quot;xpath&quot;,&quot;selector&quot;:&quot;//input[@id=&apos;selCnclReason&apos;]&quot;}
For documentation on this error, please visit: http://seleniumhq.org/exceptions/no_such_element.html
Build info: version: &apos;2.53.1&apos;, revision: &apos;a36b8b1cd5757287168e54b817830adce9b0158d&apos;, time: &apos;2016-06-30 19:26:09&apos;
System info: host: &apos;HMS-Barkha-QA&apos;, ip: &apos;192.168.2.115&apos;, os.name: &apos;Windows 7&apos;, os.arch: &apos;x86&apos;, os.version: &apos;6.1&apos;, java.version: &apos;1.8.0_40&apos;
Driver info: driver.version: unknown
	at &lt;anonymous class&gt;.FirefoxDriver.prototype.findElementInternal_(file:///C:/Users/qa/AppData/Local/Temp/anonymous8612938395178308717webdriver-profile/extensions/fxdriver@googlecode.com/components/driver-component.js:10770)
	at &lt;anonymous class&gt;.fxdriver.Timer.prototype.setTimeout/&lt;.notify(file:///C:/Users/qa/AppData/Local/Temp/anonymous8612938395178308717webdriver-profile/extensions/fxdriver@googlecode.com/components/driver-component.js:625)
... Removed 31 stack frames
</div> <!-- stack-trace -->
                  <em>
(Create 1N2R group reservation, and verify 'Early Checkin'button for individual guest/room.)                  </em>
                </div> <!-- method-content -->
              </div> <!-- method -->
              <div class="method">
                <div class="method-content">
                  <a name="fn_verifyEarlyCheckinBtnInReserv">
                  </a> <!-- fn_verifyEarlyCheckinBtnInReserv -->
                  <span class="method-name">fn_verifyEarlyCheckinBtnInReserv</span>
                  <div class="stack-trace">org.openqa.selenium.UnhandledAlertException: Unexpected modal dialog (text: You will automatically be logged out of the system as another user with the same username has signed in.
 To continue using this account please log in again.): You will automatically be logged out of the system as another user with the same username has signed in.
 To continue using this account please log in again.
Build info: version: &apos;2.53.1&apos;, revision: &apos;a36b8b1cd5757287168e54b817830adce9b0158d&apos;, time: &apos;2016-06-30 19:26:09&apos;
System info: host: &apos;HMS-Barkha-QA&apos;, ip: &apos;192.168.2.115&apos;, os.name: &apos;Windows 7&apos;, os.arch: &apos;x86&apos;, os.version: &apos;6.1&apos;, java.version: &apos;1.8.0_40&apos;
Driver info: org.openqa.selenium.firefox.FirefoxDriver
Capabilities [{applicationCacheEnabled=true, rotatable=false, handlesAlerts=true, databaseEnabled=true, version=45.0.1, platform=WINDOWS, nativeEvents=false, acceptSslCerts=true, webStorageEnabled=true, locationContextEnabled=true, browserName=firefox, takesScreenshot=true, javascriptEnabled=true, cssSelectorsEnabled=true}]
Session ID: a098cdc9-8333-4f45-81dd-6e24086b4933
	at org.openqa.selenium.remote.ErrorHandler.createThrowable(ErrorHandler.java:206)
	at org.openqa.selenium.remote.ErrorHandler.createUnhandledAlertException(ErrorHandler.java:187)
	at org.openqa.selenium.remote.ErrorHandler.throwIfResponseFailed(ErrorHandler.java:154)
	at org.openqa.selenium.remote.RemoteWebDriver.execute(RemoteWebDriver.java:678)
	at org.openqa.selenium.remote.RemoteWebDriver.execute(RemoteWebDriver.java:701)
	at org.openqa.selenium.firefox.FirefoxDriver.getScreenshotAs(FirefoxDriver.java:341)
	at com.hotelogix.smoke.genericandbase.GenericMethods.getscreenshot(GenericMethods.java:753)
	at com.hotelogix.smoke.FrontdeskTest.FrontdeskTest.fn_verifyEarlyCheckinBtnInReserv(FrontdeskTest.java:1122)
... Removed 31 stack frames
</div> <!-- stack-trace -->
                  <em>
(Create 1N1R reservation,and verify 'Early Checkin' button on Enable Editing page.)                  </em>
                </div> <!-- method-content -->
              </div> <!-- method -->
              <div class="method">
                <div class="method-content">
                  <a name="fn_verifyEnableEditingCheckoutInSingleReserv">
                  </a> <!-- fn_verifyEnableEditingCheckoutInSingleReserv -->
                  <span class="method-name">fn_verifyEnableEditingCheckoutInSingleReserv</span>
                  <div class="stack-trace">org.openqa.selenium.NoSuchElementException: Unable to locate element: {&quot;method&quot;:&quot;xpath&quot;,&quot;selector&quot;:&quot;//input[@value=&apos;Cancel&apos;]&quot;}
Command duration or timeout: 70.03 seconds
For documentation on this error, please visit: http://seleniumhq.org/exceptions/no_such_element.html
Build info: version: &apos;2.53.1&apos;, revision: &apos;a36b8b1cd5757287168e54b817830adce9b0158d&apos;, time: &apos;2016-06-30 19:26:09&apos;
System info: host: &apos;HMS-Barkha-QA&apos;, ip: &apos;192.168.2.115&apos;, os.name: &apos;Windows 7&apos;, os.arch: &apos;x86&apos;, os.version: &apos;6.1&apos;, java.version: &apos;1.8.0_40&apos;
Driver info: org.openqa.selenium.firefox.FirefoxDriver
Capabilities [{applicationCacheEnabled=true, rotatable=false, handlesAlerts=true, databaseEnabled=true, version=45.0.1, platform=WINDOWS, nativeEvents=false, acceptSslCerts=true, webStorageEnabled=true, locationContextEnabled=true, browserName=firefox, takesScreenshot=true, javascriptEnabled=true, cssSelectorsEnabled=true}]
Session ID: 29239411-3570-47bb-bb83-ea2d316b70e2
*** Element info: {Using=xpath, value=//input[@value=&apos;Cancel&apos;]}
	at org.openqa.selenium.remote.ErrorHandler.createThrowable(ErrorHandler.java:206)
	at org.openqa.selenium.remote.ErrorHandler.throwIfResponseFailed(ErrorHandler.java:158)
	at org.openqa.selenium.remote.RemoteWebDriver.execute(RemoteWebDriver.java:678)
	at org.openqa.selenium.remote.RemoteWebDriver.findElement(RemoteWebDriver.java:363)
	at org.openqa.selenium.remote.RemoteWebDriver.findElementByXPath(RemoteWebDriver.java:500)
	at org.openqa.selenium.By$ByXPath.findElement(By.java:361)
	at org.openqa.selenium.remote.RemoteWebDriver.findElement(RemoteWebDriver.java:355)
	at org.openqa.selenium.support.pagefactory.DefaultElementLocator.findElement(DefaultElementLocator.java:69)
	at org.openqa.selenium.support.pagefactory.internal.LocatingElementHandler.invoke(LocatingElementHandler.java:38)
	at com.sun.proxy.$Proxy5.isDisplayed(Unknown Source)
	at com.hotelogix.smoke.genericandbase.GenericMethods.fn_hold(GenericMethods.java:872)
	at com.hotelogix.smoke.genericandbase.GenericMethods.clickElement(GenericMethods.java:463)
	at com.hotelogix.smoke.frontdesk.FrontdeskHome.FrontdeskLandingPage.fn_ClickCancelButton(FrontdeskLandingPage.java:477)
	at com.hotelogix.smoke.FrontdeskTest.FrontdeskTest.fn_verifyEnableEditingCheckoutInSingleReserv(FrontdeskTest.java:1852)
Caused by: org.openqa.selenium.NoSuchElementException: Unable to locate element: {&quot;method&quot;:&quot;xpath&quot;,&quot;selector&quot;:&quot;//input[@value=&apos;Cancel&apos;]&quot;}
For documentation on this error, please visit: http://seleniumhq.org/exceptions/no_such_element.html
Build info: version: &apos;2.53.1&apos;, revision: &apos;a36b8b1cd5757287168e54b817830adce9b0158d&apos;, time: &apos;2016-06-30 19:26:09&apos;
System info: host: &apos;HMS-Barkha-QA&apos;, ip: &apos;192.168.2.115&apos;, os.name: &apos;Windows 7&apos;, os.arch: &apos;x86&apos;, os.version: &apos;6.1&apos;, java.version: &apos;1.8.0_40&apos;
Driver info: driver.version: unknown
	at &lt;anonymous class&gt;.FirefoxDriver.prototype.findElementInternal_(file:///C:/Users/qa/AppData/Local/Temp/anonymous1569986890187364484webdriver-profile/extensions/fxdriver@googlecode.com/components/driver-component.js:10770)
	at &lt;anonymous class&gt;.fxdriver.Timer.prototype.setTimeout/&lt;.notify(file:///C:/Users/qa/AppData/Local/Temp/anonymous1569986890187364484webdriver-profile/extensions/fxdriver@googlecode.com/components/driver-component.js:625)
... Removed 31 stack frames
</div> <!-- stack-trace -->
                  <em>
(Create 1N1R reservation,navigate to Enable Editing page and verify 'Checkout' button.)                  </em>
                </div> <!-- method-content -->
              </div> <!-- method -->
              <div class="method">
                <div class="method-content">
                  <a name="fn_verifyEnableEditingLateCheckoutInSingleReserv">
                  </a> <!-- fn_verifyEnableEditingLateCheckoutInSingleReserv -->
                  <span class="method-name">fn_verifyEnableEditingLateCheckoutInSingleReserv</span>
                  <div class="stack-trace">org.openqa.selenium.NoSuchElementException: Unable to locate element: {&quot;method&quot;:&quot;xpath&quot;,&quot;selector&quot;:&quot;//input[@value=&apos;Cancel&apos;]&quot;}
Command duration or timeout: 70.02 seconds
For documentation on this error, please visit: http://seleniumhq.org/exceptions/no_such_element.html
Build info: version: &apos;2.53.1&apos;, revision: &apos;a36b8b1cd5757287168e54b817830adce9b0158d&apos;, time: &apos;2016-06-30 19:26:09&apos;
System info: host: &apos;HMS-Barkha-QA&apos;, ip: &apos;192.168.2.115&apos;, os.name: &apos;Windows 7&apos;, os.arch: &apos;x86&apos;, os.version: &apos;6.1&apos;, java.version: &apos;1.8.0_40&apos;
Driver info: org.openqa.selenium.firefox.FirefoxDriver
Capabilities [{applicationCacheEnabled=true, rotatable=false, handlesAlerts=true, databaseEnabled=true, version=45.0.1, platform=WINDOWS, nativeEvents=false, acceptSslCerts=true, webStorageEnabled=true, locationContextEnabled=true, browserName=firefox, takesScreenshot=true, javascriptEnabled=true, cssSelectorsEnabled=true}]
Session ID: 1fb745ae-ca63-414e-9f85-d708ce346859
*** Element info: {Using=xpath, value=//input[@value=&apos;Cancel&apos;]}
	at org.openqa.selenium.remote.ErrorHandler.createThrowable(ErrorHandler.java:206)
	at org.openqa.selenium.remote.ErrorHandler.throwIfResponseFailed(ErrorHandler.java:158)
	at org.openqa.selenium.remote.RemoteWebDriver.execute(RemoteWebDriver.java:678)
	at org.openqa.selenium.remote.RemoteWebDriver.findElement(RemoteWebDriver.java:363)
	at org.openqa.selenium.remote.RemoteWebDriver.findElementByXPath(RemoteWebDriver.java:500)
	at org.openqa.selenium.By$ByXPath.findElement(By.java:361)
	at org.openqa.selenium.remote.RemoteWebDriver.findElement(RemoteWebDriver.java:355)
	at org.openqa.selenium.support.pagefactory.DefaultElementLocator.findElement(DefaultElementLocator.java:69)
	at org.openqa.selenium.support.pagefactory.internal.LocatingElementHandler.invoke(LocatingElementHandler.java:38)
	at com.sun.proxy.$Proxy5.isDisplayed(Unknown Source)
	at com.hotelogix.smoke.genericandbase.GenericMethods.fn_hold(GenericMethods.java:872)
	at com.hotelogix.smoke.genericandbase.GenericMethods.clickElement(GenericMethods.java:463)
	at com.hotelogix.smoke.frontdesk.FrontdeskHome.FrontdeskLandingPage.fn_ClickCancelButton(FrontdeskLandingPage.java:477)
	at com.hotelogix.smoke.FrontdeskTest.FrontdeskTest.fn_verifyEnableEditingLateCheckoutInSingleReserv(FrontdeskTest.java:1913)
Caused by: org.openqa.selenium.NoSuchElementException: Unable to locate element: {&quot;method&quot;:&quot;xpath&quot;,&quot;selector&quot;:&quot;//input[@value=&apos;Cancel&apos;]&quot;}
For documentation on this error, please visit: http://seleniumhq.org/exceptions/no_such_element.html
Build info: version: &apos;2.53.1&apos;, revision: &apos;a36b8b1cd5757287168e54b817830adce9b0158d&apos;, time: &apos;2016-06-30 19:26:09&apos;
System info: host: &apos;HMS-Barkha-QA&apos;, ip: &apos;192.168.2.115&apos;, os.name: &apos;Windows 7&apos;, os.arch: &apos;x86&apos;, os.version: &apos;6.1&apos;, java.version: &apos;1.8.0_40&apos;
Driver info: driver.version: unknown
	at &lt;anonymous class&gt;.FirefoxDriver.prototype.findElementInternal_(file:///C:/Users/qa/AppData/Local/Temp/anonymous4671881926321919856webdriver-profile/extensions/fxdriver@googlecode.com/components/driver-component.js:10770)
	at &lt;anonymous class&gt;.fxdriver.Timer.prototype.setTimeout/&lt;.notify(file:///C:/Users/qa/AppData/Local/Temp/anonymous4671881926321919856webdriver-profile/extensions/fxdriver@googlecode.com/components/driver-component.js:625)
... Removed 31 stack frames
</div> <!-- stack-trace -->
                  <em>
(Create 1N1R reservation,navigate to Enable Editing page and verify 'Late Checkout' button.)                  </em>
                </div> <!-- method-content -->
              </div> <!-- method -->
              <div class="method">
                <div class="method-content">
                  <a name="fn_verifyExportOfDiscountReport">
                  </a> <!-- fn_verifyExportOfDiscountReport -->
                  <span class="method-name">fn_verifyExportOfDiscountReport</span>
                  <div class="stack-trace">org.openqa.selenium.NoSuchElementException: Unable to locate element: {&quot;method&quot;:&quot;xpath&quot;,&quot;selector&quot;:&quot;//input[@value=&apos;Cancel&apos;]&quot;}
Command duration or timeout: 70.10 seconds
For documentation on this error, please visit: http://seleniumhq.org/exceptions/no_such_element.html
Build info: version: &apos;2.53.1&apos;, revision: &apos;a36b8b1cd5757287168e54b817830adce9b0158d&apos;, time: &apos;2016-06-30 19:26:09&apos;
System info: host: &apos;HMS-Barkha-QA&apos;, ip: &apos;192.168.2.115&apos;, os.name: &apos;Windows 7&apos;, os.arch: &apos;x86&apos;, os.version: &apos;6.1&apos;, java.version: &apos;1.8.0_40&apos;
Driver info: org.openqa.selenium.firefox.FirefoxDriver
Capabilities [{applicationCacheEnabled=true, rotatable=false, handlesAlerts=true, databaseEnabled=true, version=45.0.1, platform=WINDOWS, nativeEvents=false, acceptSslCerts=true, webStorageEnabled=true, locationContextEnabled=true, browserName=firefox, takesScreenshot=true, javascriptEnabled=true, cssSelectorsEnabled=true}]
Session ID: bdc748a4-262f-4082-8a64-bac572e6d43a
*** Element info: {Using=xpath, value=//input[@value=&apos;Cancel&apos;]}
	at org.openqa.selenium.remote.ErrorHandler.createThrowable(ErrorHandler.java:206)
	at org.openqa.selenium.remote.ErrorHandler.throwIfResponseFailed(ErrorHandler.java:158)
	at org.openqa.selenium.remote.RemoteWebDriver.execute(RemoteWebDriver.java:678)
	at org.openqa.selenium.remote.RemoteWebDriver.findElement(RemoteWebDriver.java:363)
	at org.openqa.selenium.remote.RemoteWebDriver.findElementByXPath(RemoteWebDriver.java:500)
	at org.openqa.selenium.By$ByXPath.findElement(By.java:361)
	at org.openqa.selenium.remote.RemoteWebDriver.findElement(RemoteWebDriver.java:355)
	at org.openqa.selenium.support.pagefactory.DefaultElementLocator.findElement(DefaultElementLocator.java:69)
	at org.openqa.selenium.support.pagefactory.internal.LocatingElementHandler.invoke(LocatingElementHandler.java:38)
	at com.sun.proxy.$Proxy5.isDisplayed(Unknown Source)
	at com.hotelogix.smoke.genericandbase.GenericMethods.fn_hold(GenericMethods.java:872)
	at com.hotelogix.smoke.genericandbase.GenericMethods.clickElement(GenericMethods.java:463)
	at com.hotelogix.smoke.frontdesk.FrontdeskHome.FrontdeskLandingPage.fn_ClickCancelButton(FrontdeskLandingPage.java:477)
	at com.hotelogix.smoke.FrontdeskTest.FrontdeskTest.fn_verifyExportOfDiscountReport(FrontdeskTest.java:750)
Caused by: org.openqa.selenium.NoSuchElementException: Unable to locate element: {&quot;method&quot;:&quot;xpath&quot;,&quot;selector&quot;:&quot;//input[@value=&apos;Cancel&apos;]&quot;}
For documentation on this error, please visit: http://seleniumhq.org/exceptions/no_such_element.html
Build info: version: &apos;2.53.1&apos;, revision: &apos;a36b8b1cd5757287168e54b817830adce9b0158d&apos;, time: &apos;2016-06-30 19:26:09&apos;
System info: host: &apos;HMS-Barkha-QA&apos;, ip: &apos;192.168.2.115&apos;, os.name: &apos;Windows 7&apos;, os.arch: &apos;x86&apos;, os.version: &apos;6.1&apos;, java.version: &apos;1.8.0_40&apos;
Driver info: driver.version: unknown
	at &lt;anonymous class&gt;.FirefoxDriver.prototype.findElementInternal_(file:///C:/Users/qa/AppData/Local/Temp/anonymous9017322397270890140webdriver-profile/extensions/fxdriver@googlecode.com/components/driver-component.js:10770)
	at &lt;anonymous class&gt;.fxdriver.Timer.prototype.setTimeout/&lt;.notify(file:///C:/Users/qa/AppData/Local/Temp/anonymous9017322397270890140webdriver-profile/extensions/fxdriver@googlecode.com/components/driver-component.js:625)
... Removed 31 stack frames
</div> <!-- stack-trace -->
                  <em>
(Verify discounted report for specific counter,POS Point and date range.Also verify 'Print' and 'Export' button functionality.)                  </em>
                </div> <!-- method-content -->
              </div> <!-- method -->
              <div class="method">
                <div class="method-content">
                  <a name="fn_verifyExpressCheckoutInSingleReserv">
                  </a> <!-- fn_verifyExpressCheckoutInSingleReserv -->
                  <span class="method-name">fn_verifyExpressCheckoutInSingleReserv</span>
                  <div class="stack-trace">org.openqa.selenium.NoSuchElementException: Unable to locate element: {&quot;method&quot;:&quot;xpath&quot;,&quot;selector&quot;:&quot;//input[@value=&apos;Cancel&apos;]&quot;}
Command duration or timeout: 70.02 seconds
For documentation on this error, please visit: http://seleniumhq.org/exceptions/no_such_element.html
Build info: version: &apos;2.53.1&apos;, revision: &apos;a36b8b1cd5757287168e54b817830adce9b0158d&apos;, time: &apos;2016-06-30 19:26:09&apos;
System info: host: &apos;HMS-Barkha-QA&apos;, ip: &apos;192.168.2.115&apos;, os.name: &apos;Windows 7&apos;, os.arch: &apos;x86&apos;, os.version: &apos;6.1&apos;, java.version: &apos;1.8.0_40&apos;
Driver info: org.openqa.selenium.firefox.FirefoxDriver
Capabilities [{applicationCacheEnabled=true, rotatable=false, handlesAlerts=true, databaseEnabled=true, version=45.0.1, platform=WINDOWS, nativeEvents=false, acceptSslCerts=true, webStorageEnabled=true, locationContextEnabled=true, browserName=firefox, takesScreenshot=true, javascriptEnabled=true, cssSelectorsEnabled=true}]
Session ID: 39dcfd24-c5ee-4ab4-8878-38b44149668e
*** Element info: {Using=xpath, value=//input[@value=&apos;Cancel&apos;]}
	at org.openqa.selenium.remote.ErrorHandler.createThrowable(ErrorHandler.java:206)
	at org.openqa.selenium.remote.ErrorHandler.throwIfResponseFailed(ErrorHandler.java:158)
	at org.openqa.selenium.remote.RemoteWebDriver.execute(RemoteWebDriver.java:678)
	at org.openqa.selenium.remote.RemoteWebDriver.findElement(RemoteWebDriver.java:363)
	at org.openqa.selenium.remote.RemoteWebDriver.findElementByXPath(RemoteWebDriver.java:500)
	at org.openqa.selenium.By$ByXPath.findElement(By.java:361)
	at org.openqa.selenium.remote.RemoteWebDriver.findElement(RemoteWebDriver.java:355)
	at org.openqa.selenium.support.pagefactory.DefaultElementLocator.findElement(DefaultElementLocator.java:69)
	at org.openqa.selenium.support.pagefactory.internal.LocatingElementHandler.invoke(LocatingElementHandler.java:38)
	at com.sun.proxy.$Proxy5.isDisplayed(Unknown Source)
	at com.hotelogix.smoke.genericandbase.GenericMethods.fn_hold(GenericMethods.java:872)
	at com.hotelogix.smoke.genericandbase.GenericMethods.clickElement(GenericMethods.java:463)
	at com.hotelogix.smoke.frontdesk.FrontdeskHome.FrontdeskLandingPage.fn_ClickCancelButton(FrontdeskLandingPage.java:477)
	at com.hotelogix.smoke.FrontdeskTest.FrontdeskTest.fn_verifyExpressCheckoutInSingleReserv(FrontdeskTest.java:1974)
Caused by: org.openqa.selenium.NoSuchElementException: Unable to locate element: {&quot;method&quot;:&quot;xpath&quot;,&quot;selector&quot;:&quot;//input[@value=&apos;Cancel&apos;]&quot;}
For documentation on this error, please visit: http://seleniumhq.org/exceptions/no_such_element.html
Build info: version: &apos;2.53.1&apos;, revision: &apos;a36b8b1cd5757287168e54b817830adce9b0158d&apos;, time: &apos;2016-06-30 19:26:09&apos;
System info: host: &apos;HMS-Barkha-QA&apos;, ip: &apos;192.168.2.115&apos;, os.name: &apos;Windows 7&apos;, os.arch: &apos;x86&apos;, os.version: &apos;6.1&apos;, java.version: &apos;1.8.0_40&apos;
Driver info: driver.version: unknown
	at &lt;anonymous class&gt;.FirefoxDriver.prototype.findElementInternal_(file:///C:/Users/qa/AppData/Local/Temp/anonymous4568934844704536232webdriver-profile/extensions/fxdriver@googlecode.com/components/driver-component.js:10770)
	at &lt;anonymous class&gt;.fxdriver.Timer.prototype.setTimeout/&lt;.notify(file:///C:/Users/qa/AppData/Local/Temp/anonymous4568934844704536232webdriver-profile/extensions/fxdriver@googlecode.com/components/driver-component.js:625)
... Removed 31 stack frames
</div> <!-- stack-trace -->
                  <em>
(Create 1N1R reservation,navigate to Payment page and verify 'Express Checkout' button.)                  </em>
                </div> <!-- method-content -->
              </div> <!-- method -->
              <div class="method">
                <div class="method-content">
                  <a name="fn_verifyExpressChkoutInGrpReserv">
                  </a> <!-- fn_verifyExpressChkoutInGrpReserv -->
                  <span class="method-name">fn_verifyExpressChkoutInGrpReserv</span>
                  <div class="stack-trace">org.openqa.selenium.NoSuchElementException: Unable to locate element: {&quot;method&quot;:&quot;xpath&quot;,&quot;selector&quot;:&quot;//input[@value=&apos;Cancel&apos;]&quot;}
Command duration or timeout: 70.12 seconds
For documentation on this error, please visit: http://seleniumhq.org/exceptions/no_such_element.html
Build info: version: &apos;2.53.1&apos;, revision: &apos;a36b8b1cd5757287168e54b817830adce9b0158d&apos;, time: &apos;2016-06-30 19:26:09&apos;
System info: host: &apos;HMS-Barkha-QA&apos;, ip: &apos;192.168.2.115&apos;, os.name: &apos;Windows 7&apos;, os.arch: &apos;x86&apos;, os.version: &apos;6.1&apos;, java.version: &apos;1.8.0_40&apos;
Driver info: org.openqa.selenium.firefox.FirefoxDriver
Capabilities [{applicationCacheEnabled=true, rotatable=false, handlesAlerts=true, databaseEnabled=true, version=45.0.1, platform=WINDOWS, nativeEvents=false, acceptSslCerts=true, webStorageEnabled=true, locationContextEnabled=true, browserName=firefox, takesScreenshot=true, javascriptEnabled=true, cssSelectorsEnabled=true}]
Session ID: c26a8db6-2a85-4056-b61a-4abd18fac398
*** Element info: {Using=xpath, value=//input[@value=&apos;Cancel&apos;]}
	at org.openqa.selenium.remote.ErrorHandler.createThrowable(ErrorHandler.java:206)
	at org.openqa.selenium.remote.ErrorHandler.throwIfResponseFailed(ErrorHandler.java:158)
	at org.openqa.selenium.remote.RemoteWebDriver.execute(RemoteWebDriver.java:678)
	at org.openqa.selenium.remote.RemoteWebDriver.findElement(RemoteWebDriver.java:363)
	at org.openqa.selenium.remote.RemoteWebDriver.findElementByXPath(RemoteWebDriver.java:500)
	at org.openqa.selenium.By$ByXPath.findElement(By.java:361)
	at org.openqa.selenium.remote.RemoteWebDriver.findElement(RemoteWebDriver.java:355)
	at org.openqa.selenium.support.pagefactory.DefaultElementLocator.findElement(DefaultElementLocator.java:69)
	at org.openqa.selenium.support.pagefactory.internal.LocatingElementHandler.invoke(LocatingElementHandler.java:38)
	at com.sun.proxy.$Proxy5.isDisplayed(Unknown Source)
	at com.hotelogix.smoke.genericandbase.GenericMethods.fn_hold(GenericMethods.java:872)
	at com.hotelogix.smoke.genericandbase.GenericMethods.clickElement(GenericMethods.java:463)
	at com.hotelogix.smoke.frontdesk.FrontdeskHome.FrontdeskLandingPage.fn_ClickCancelButton(FrontdeskLandingPage.java:477)
	at com.hotelogix.smoke.FrontdeskTest.FrontdeskTest.fn_verifyExpressChkoutInGrpReserv(FrontdeskTest.java:2326)
Caused by: org.openqa.selenium.NoSuchElementException: Unable to locate element: {&quot;method&quot;:&quot;xpath&quot;,&quot;selector&quot;:&quot;//input[@value=&apos;Cancel&apos;]&quot;}
For documentation on this error, please visit: http://seleniumhq.org/exceptions/no_such_element.html
Build info: version: &apos;2.53.1&apos;, revision: &apos;a36b8b1cd5757287168e54b817830adce9b0158d&apos;, time: &apos;2016-06-30 19:26:09&apos;
System info: host: &apos;HMS-Barkha-QA&apos;, ip: &apos;192.168.2.115&apos;, os.name: &apos;Windows 7&apos;, os.arch: &apos;x86&apos;, os.version: &apos;6.1&apos;, java.version: &apos;1.8.0_40&apos;
Driver info: driver.version: unknown
	at &lt;anonymous class&gt;.FirefoxDriver.prototype.findElementInternal_(file:///C:/Users/qa/AppData/Local/Temp/anonymous7132189692153457572webdriver-profile/extensions/fxdriver@googlecode.com/components/driver-component.js:10770)
	at &lt;anonymous class&gt;.fxdriver.Timer.prototype.setTimeout/&lt;.notify(file:///C:/Users/qa/AppData/Local/Temp/anonymous7132189692153457572webdriver-profile/extensions/fxdriver@googlecode.com/components/driver-component.js:625)
... Removed 31 stack frames
</div> <!-- stack-trace -->
                  <em>
(Create 1N1R group reservation, and verify 'Express Check-out' button on Payment page.)                  </em>
                </div> <!-- method-content -->
              </div> <!-- method -->
              <div class="method">
                <div class="method-content">
                  <a name="fn_verifyGroupCheckinBtnInGrpReserv">
                  </a> <!-- fn_verifyGroupCheckinBtnInGrpReserv -->
                  <span class="method-name">fn_verifyGroupCheckinBtnInGrpReserv</span>
                  <div class="stack-trace">org.openqa.selenium.UnhandledAlertException: Unexpected modal dialog (text: SyntaxError: parseJSON): SyntaxError: parseJSON
Build info: version: &apos;2.53.1&apos;, revision: &apos;a36b8b1cd5757287168e54b817830adce9b0158d&apos;, time: &apos;2016-06-30 19:26:09&apos;
System info: host: &apos;HMS-Barkha-QA&apos;, ip: &apos;192.168.2.115&apos;, os.name: &apos;Windows 7&apos;, os.arch: &apos;x86&apos;, os.version: &apos;6.1&apos;, java.version: &apos;1.8.0_40&apos;
Driver info: org.openqa.selenium.firefox.FirefoxDriver
Capabilities [{applicationCacheEnabled=true, rotatable=false, handlesAlerts=true, databaseEnabled=true, version=45.0.1, platform=WINDOWS, nativeEvents=false, acceptSslCerts=true, webStorageEnabled=true, locationContextEnabled=true, browserName=firefox, takesScreenshot=true, javascriptEnabled=true, cssSelectorsEnabled=true}]
Session ID: 383cf8c9-5a02-4552-bebc-5b1d82f59a4f
*** Element info: {Using=xpath, value=//input[@value=&apos;Cancel&apos;]}
	at org.openqa.selenium.remote.ErrorHandler.createThrowable(ErrorHandler.java:206)
	at org.openqa.selenium.remote.ErrorHandler.createUnhandledAlertException(ErrorHandler.java:187)
	at org.openqa.selenium.remote.ErrorHandler.throwIfResponseFailed(ErrorHandler.java:154)
	at org.openqa.selenium.remote.RemoteWebDriver.execute(RemoteWebDriver.java:678)
	at org.openqa.selenium.remote.RemoteWebDriver.findElement(RemoteWebDriver.java:363)
	at org.openqa.selenium.remote.RemoteWebDriver.findElementByXPath(RemoteWebDriver.java:500)
	at org.openqa.selenium.By$ByXPath.findElement(By.java:361)
	at org.openqa.selenium.remote.RemoteWebDriver.findElement(RemoteWebDriver.java:355)
	at org.openqa.selenium.support.pagefactory.DefaultElementLocator.findElement(DefaultElementLocator.java:69)
	at org.openqa.selenium.support.pagefactory.internal.LocatingElementHandler.invoke(LocatingElementHandler.java:38)
	at com.sun.proxy.$Proxy5.isDisplayed(Unknown Source)
	at com.hotelogix.smoke.genericandbase.GenericMethods.fn_hold(GenericMethods.java:872)
	at com.hotelogix.smoke.genericandbase.GenericMethods.clickElement(GenericMethods.java:463)
	at com.hotelogix.smoke.frontdesk.FrontdeskHome.FrontdeskLandingPage.fn_ClickCancelButton(FrontdeskLandingPage.java:477)
	at com.hotelogix.smoke.FrontdeskTest.FrontdeskTest.fn_verifyGroupCheckinBtnInGrpReserv(FrontdeskTest.java:1394)
... Removed 31 stack frames
</div> <!-- stack-trace -->
                  <em>
(Create 1N2R reservation, and verify 'Group Checkin' button.)                  </em>
                </div> <!-- method-content -->
              </div> <!-- method -->
              <div class="method">
                <div class="method-content">
                  <a name="fn_verifyGroupChkoutInGrpReserv">
                  </a> <!-- fn_verifyGroupChkoutInGrpReserv -->
                  <span class="method-name">fn_verifyGroupChkoutInGrpReserv</span>
                  <div class="stack-trace">org.openqa.selenium.NoSuchElementException: Unable to locate element: {&quot;method&quot;:&quot;xpath&quot;,&quot;selector&quot;:&quot;//table[@class=&apos;payment_total&apos;]//tr[8]//td[2]&quot;}
Command duration or timeout: 70.14 seconds
For documentation on this error, please visit: http://seleniumhq.org/exceptions/no_such_element.html
Build info: version: &apos;2.53.1&apos;, revision: &apos;a36b8b1cd5757287168e54b817830adce9b0158d&apos;, time: &apos;2016-06-30 19:26:09&apos;
System info: host: &apos;HMS-Barkha-QA&apos;, ip: &apos;192.168.2.115&apos;, os.name: &apos;Windows 7&apos;, os.arch: &apos;x86&apos;, os.version: &apos;6.1&apos;, java.version: &apos;1.8.0_40&apos;
Driver info: org.openqa.selenium.firefox.FirefoxDriver
Capabilities [{applicationCacheEnabled=true, rotatable=false, handlesAlerts=true, databaseEnabled=true, version=45.0.1, platform=WINDOWS, nativeEvents=false, acceptSslCerts=true, webStorageEnabled=true, locationContextEnabled=true, browserName=firefox, takesScreenshot=true, javascriptEnabled=true, cssSelectorsEnabled=true}]
Session ID: 4aafefae-1dfb-4d39-b002-49b1f475cfe0
*** Element info: {Using=xpath, value=//table[@class=&apos;payment_total&apos;]//tr[8]//td[2]}
	at org.openqa.selenium.remote.ErrorHandler.createThrowable(ErrorHandler.java:206)
	at org.openqa.selenium.remote.ErrorHandler.throwIfResponseFailed(ErrorHandler.java:158)
	at org.openqa.selenium.remote.RemoteWebDriver.execute(RemoteWebDriver.java:678)
	at org.openqa.selenium.remote.RemoteWebDriver.findElement(RemoteWebDriver.java:363)
	at org.openqa.selenium.remote.RemoteWebDriver.findElementByXPath(RemoteWebDriver.java:500)
	at org.openqa.selenium.By$ByXPath.findElement(By.java:361)
	at org.openqa.selenium.remote.RemoteWebDriver.findElement(RemoteWebDriver.java:355)
	at org.openqa.selenium.support.pagefactory.DefaultElementLocator.findElement(DefaultElementLocator.java:69)
	at org.openqa.selenium.support.pagefactory.internal.LocatingElementHandler.invoke(LocatingElementHandler.java:38)
	at com.sun.proxy.$Proxy5.getText(Unknown Source)
	at com.hotelogix.smoke.genericandbase.GenericMethods.getText(GenericMethods.java:219)
	at com.hotelogix.smoke.frontdesk.Payment.AccountStatementLandingPage.fn_clkSettleFolioAccept(AccountStatementLandingPage.java:693)
	at com.hotelogix.smoke.FrontdeskTest.FrontdeskTest.fn_verifyGroupChkoutInGrpReserv(FrontdeskTest.java:2283)
Caused by: org.openqa.selenium.NoSuchElementException: Unable to locate element: {&quot;method&quot;:&quot;xpath&quot;,&quot;selector&quot;:&quot;//table[@class=&apos;payment_total&apos;]//tr[8]//td[2]&quot;}
For documentation on this error, please visit: http://seleniumhq.org/exceptions/no_such_element.html
Build info: version: &apos;2.53.1&apos;, revision: &apos;a36b8b1cd5757287168e54b817830adce9b0158d&apos;, time: &apos;2016-06-30 19:26:09&apos;
System info: host: &apos;HMS-Barkha-QA&apos;, ip: &apos;192.168.2.115&apos;, os.name: &apos;Windows 7&apos;, os.arch: &apos;x86&apos;, os.version: &apos;6.1&apos;, java.version: &apos;1.8.0_40&apos;
Driver info: driver.version: unknown
	at &lt;anonymous class&gt;.FirefoxDriver.prototype.findElementInternal_(file:///C:/Users/qa/AppData/Local/Temp/anonymous247499630759201953webdriver-profile/extensions/fxdriver@googlecode.com/components/driver-component.js:10770)
	at &lt;anonymous class&gt;.fxdriver.Timer.prototype.setTimeout/&lt;.notify(file:///C:/Users/qa/AppData/Local/Temp/anonymous247499630759201953webdriver-profile/extensions/fxdriver@googlecode.com/components/driver-component.js:625)
... Removed 31 stack frames
</div> <!-- stack-trace -->
                  <em>
(Create 1N1R group reservation, and verify 'Group Check-out' button on Payment page.)                  </em>
                </div> <!-- method-content -->
              </div> <!-- method -->
              <div class="method">
                <div class="method-content">
                  <a name="fn_verifyGrpChkoutBtnOnEnableEditing">
                  </a> <!-- fn_verifyGrpChkoutBtnOnEnableEditing -->
                  <span class="method-name">fn_verifyGrpChkoutBtnOnEnableEditing</span>
                  <div class="stack-trace">org.openqa.selenium.NoSuchElementException: Unable to locate element: {&quot;method&quot;:&quot;xpath&quot;,&quot;selector&quot;:&quot;//input[@value=&apos;Perform Auto Night Audit&apos;]&quot;}
Command duration or timeout: 70.05 seconds
For documentation on this error, please visit: http://seleniumhq.org/exceptions/no_such_element.html
Build info: version: &apos;2.53.1&apos;, revision: &apos;a36b8b1cd5757287168e54b817830adce9b0158d&apos;, time: &apos;2016-06-30 19:26:09&apos;
System info: host: &apos;HMS-Barkha-QA&apos;, ip: &apos;192.168.2.115&apos;, os.name: &apos;Windows 7&apos;, os.arch: &apos;x86&apos;, os.version: &apos;6.1&apos;, java.version: &apos;1.8.0_40&apos;
Driver info: org.openqa.selenium.firefox.FirefoxDriver
Capabilities [{applicationCacheEnabled=true, rotatable=false, handlesAlerts=true, databaseEnabled=true, version=45.0.1, platform=WINDOWS, nativeEvents=false, acceptSslCerts=true, webStorageEnabled=true, locationContextEnabled=true, browserName=firefox, takesScreenshot=true, javascriptEnabled=true, cssSelectorsEnabled=true}]
Session ID: 1bdacbf0-aa34-4322-9ced-3e23803e3613
*** Element info: {Using=xpath, value=//input[@value=&apos;Perform Auto Night Audit&apos;]}
	at org.openqa.selenium.remote.ErrorHandler.createThrowable(ErrorHandler.java:206)
	at org.openqa.selenium.remote.ErrorHandler.throwIfResponseFailed(ErrorHandler.java:158)
	at org.openqa.selenium.remote.RemoteWebDriver.execute(RemoteWebDriver.java:678)
	at org.openqa.selenium.remote.RemoteWebDriver.findElement(RemoteWebDriver.java:363)
	at org.openqa.selenium.remote.RemoteWebDriver.findElementByXPath(RemoteWebDriver.java:500)
	at org.openqa.selenium.By$ByXPath.findElement(By.java:361)
	at org.openqa.selenium.remote.RemoteWebDriver.findElement(RemoteWebDriver.java:355)
	at org.openqa.selenium.support.pagefactory.DefaultElementLocator.findElement(DefaultElementLocator.java:69)
	at org.openqa.selenium.support.pagefactory.internal.LocatingElementHandler.invoke(LocatingElementHandler.java:38)
	at com.sun.proxy.$Proxy5.isDisplayed(Unknown Source)
	at com.hotelogix.smoke.genericandbase.GenericMethods.fn_hold(GenericMethods.java:872)
	at com.hotelogix.smoke.genericandbase.GenericMethods.js_Click(GenericMethods.java:470)
	at com.hotelogix.smoke.frontdesk.FrontdeskHome.FrontdeskLandingPage.fn_AutoNightAudit1(FrontdeskLandingPage.java:846)
	at com.hotelogix.smoke.FrontdeskTest.FrontdeskTest.fn_verifyGrpChkoutBtnOnEnableEditing(FrontdeskTest.java:2158)
Caused by: org.openqa.selenium.NoSuchElementException: Unable to locate element: {&quot;method&quot;:&quot;xpath&quot;,&quot;selector&quot;:&quot;//input[@value=&apos;Perform Auto Night Audit&apos;]&quot;}
For documentation on this error, please visit: http://seleniumhq.org/exceptions/no_such_element.html
Build info: version: &apos;2.53.1&apos;, revision: &apos;a36b8b1cd5757287168e54b817830adce9b0158d&apos;, time: &apos;2016-06-30 19:26:09&apos;
System info: host: &apos;HMS-Barkha-QA&apos;, ip: &apos;192.168.2.115&apos;, os.name: &apos;Windows 7&apos;, os.arch: &apos;x86&apos;, os.version: &apos;6.1&apos;, java.version: &apos;1.8.0_40&apos;
Driver info: driver.version: unknown
	at &lt;anonymous class&gt;.FirefoxDriver.prototype.findElementInternal_(file:///C:/Users/qa/AppData/Local/Temp/anonymous5806289841996669565webdriver-profile/extensions/fxdriver@googlecode.com/components/driver-component.js:10770)
	at &lt;anonymous class&gt;.fxdriver.Timer.prototype.setTimeout/&lt;.notify(file:///C:/Users/qa/AppData/Local/Temp/anonymous5806289841996669565webdriver-profile/extensions/fxdriver@googlecode.com/components/driver-component.js:625)
... Removed 31 stack frames
</div> <!-- stack-trace -->
                  <em>
(Create 1N1R group reservation, and verify 'Group Checkout' button on Enable Editing page.)                  </em>
                </div> <!-- method-content -->
              </div> <!-- method -->
              <div class="method">
                <div class="method-content">
                  <a name="fn_verifyGuestCheckinBtnForSingleGuestInGrpReserv">
                  </a> <!-- fn_verifyGuestCheckinBtnForSingleGuestInGrpReserv -->
                  <span class="method-name">fn_verifyGuestCheckinBtnForSingleGuestInGrpReserv</span>
                  <div class="stack-trace">org.openqa.selenium.NoAlertPresentException: No alert is present (WARNING: The server did not provide any stacktrace information)
Command duration or timeout: 4.17 seconds
Build info: version: &apos;2.53.1&apos;, revision: &apos;a36b8b1cd5757287168e54b817830adce9b0158d&apos;, time: &apos;2016-06-30 19:26:09&apos;
System info: host: &apos;HMS-Barkha-QA&apos;, ip: &apos;192.168.2.115&apos;, os.name: &apos;Windows 7&apos;, os.arch: &apos;x86&apos;, os.version: &apos;6.1&apos;, java.version: &apos;1.8.0_40&apos;
Driver info: org.openqa.selenium.firefox.FirefoxDriver
Capabilities [{applicationCacheEnabled=true, rotatable=false, handlesAlerts=true, databaseEnabled=true, version=45.0.1, platform=WINDOWS, nativeEvents=false, acceptSslCerts=true, webStorageEnabled=true, locationContextEnabled=true, browserName=firefox, takesScreenshot=true, javascriptEnabled=true, cssSelectorsEnabled=true}]
Session ID: cf6b7a3c-938a-4174-b5e8-f88aa76dda05
	at org.openqa.selenium.remote.ErrorHandler.createThrowable(ErrorHandler.java:206)
	at org.openqa.selenium.remote.ErrorHandler.throwIfResponseFailed(ErrorHandler.java:158)
	at org.openqa.selenium.remote.RemoteWebDriver.execute(RemoteWebDriver.java:678)
	at org.openqa.selenium.remote.RemoteWebDriver.execute(RemoteWebDriver.java:701)
	at org.openqa.selenium.remote.RemoteWebDriver$RemoteTargetLocator.alert(RemoteWebDriver.java:1049)
	at com.hotelogix.smoke.genericandbase.GenericMethods.Alert_Accept(GenericMethods.java:125)
	at com.hotelogix.smoke.frontdesk.ViewDetailsPage.GroupToSingleReservationPage.fn_clkGuestCheckInLnk(GroupToSingleReservationPage.java:640)
	at com.hotelogix.smoke.FrontdeskTest.FrontdeskTest.fn_verifyGuestCheckinBtnForSingleGuestInGrpReserv(FrontdeskTest.java:1682)
... Removed 31 stack frames
</div> <!-- stack-trace -->
                  <em>
(Create 1N2R group reservation, and verify 'Guest Checkin'button for individual guest/room.)                  </em>
                </div> <!-- method-content -->
              </div> <!-- method -->
              <div class="method">
                <div class="method-content">
                  <a name="fn_verifyGuestCheckoutInSingleReserv">
                  </a> <!-- fn_verifyGuestCheckoutInSingleReserv -->
                  <span class="method-name">fn_verifyGuestCheckoutInSingleReserv</span>
                  <div class="stack-trace">org.openqa.selenium.UnhandledAlertException: Unexpected modal dialog (text: JSON Parse failed!): JSON Parse failed!
Build info: version: &apos;2.53.1&apos;, revision: &apos;a36b8b1cd5757287168e54b817830adce9b0158d&apos;, time: &apos;2016-06-30 19:26:09&apos;
System info: host: &apos;HMS-Barkha-QA&apos;, ip: &apos;192.168.2.115&apos;, os.name: &apos;Windows 7&apos;, os.arch: &apos;x86&apos;, os.version: &apos;6.1&apos;, java.version: &apos;1.8.0_40&apos;
Driver info: org.openqa.selenium.firefox.FirefoxDriver
Capabilities [{applicationCacheEnabled=true, rotatable=false, handlesAlerts=true, databaseEnabled=true, version=45.0.1, platform=WINDOWS, nativeEvents=false, acceptSslCerts=true, webStorageEnabled=true, locationContextEnabled=true, browserName=firefox, takesScreenshot=true, javascriptEnabled=true, cssSelectorsEnabled=true}]
Session ID: 819c5bb0-fa88-4604-8898-8891f54aae60
*** Element info: {Using=xpath, value=//input[@name=&apos;btnRsvSave&apos;]}
	at org.openqa.selenium.remote.ErrorHandler.createThrowable(ErrorHandler.java:206)
	at org.openqa.selenium.remote.ErrorHandler.createUnhandledAlertException(ErrorHandler.java:187)
	at org.openqa.selenium.remote.ErrorHandler.throwIfResponseFailed(ErrorHandler.java:154)
	at org.openqa.selenium.remote.RemoteWebDriver.execute(RemoteWebDriver.java:678)
	at org.openqa.selenium.remote.RemoteWebDriver.findElement(RemoteWebDriver.java:363)
	at org.openqa.selenium.remote.RemoteWebDriver.findElementByXPath(RemoteWebDriver.java:500)
	at org.openqa.selenium.By$ByXPath.findElement(By.java:361)
	at org.openqa.selenium.remote.RemoteWebDriver.findElement(RemoteWebDriver.java:355)
	at org.openqa.selenium.support.pagefactory.DefaultElementLocator.findElement(DefaultElementLocator.java:69)
	at org.openqa.selenium.support.pagefactory.internal.LocatingElementHandler.invoke(LocatingElementHandler.java:38)
	at com.sun.proxy.$Proxy5.isDisplayed(Unknown Source)
	at com.hotelogix.smoke.genericandbase.GenericMethods.fn_hold(GenericMethods.java:872)
	at com.hotelogix.smoke.genericandbase.GenericMethods.clickElement(GenericMethods.java:463)
	at com.hotelogix.smoke.frontdesk.ViewDetailsPage.EnableEditingPage.fn_clkSaveBtn(EnableEditingPage.java:1042)
	at com.hotelogix.smoke.FrontdeskTest.FrontdeskTest.fn_verifyGuestCheckoutInSingleReserv(FrontdeskTest.java:2038)
... Removed 31 stack frames
</div> <!-- stack-trace -->
                  <em>
(Create 1N1R reservation with more than 1 guest,navigate to Payment page and verify 'Guest Checkout' button.)                  </em>
                </div> <!-- method-content -->
              </div> <!-- method -->
              <div class="method">
                <div class="method-content">
                  <a name="fn_verifyGuestEarlyCheckinBtnForSingleGuestInGrpReserv">
                  </a> <!-- fn_verifyGuestEarlyCheckinBtnForSingleGuestInGrpReserv -->
                  <span class="method-name">fn_verifyGuestEarlyCheckinBtnForSingleGuestInGrpReserv</span>
                  <div class="stack-trace">org.openqa.selenium.NoSuchElementException: Unable to locate element: {&quot;method&quot;:&quot;xpath&quot;,&quot;selector&quot;:&quot;//input[@value=&apos;Cancel&apos;]&quot;}
Command duration or timeout: 70.10 seconds
For documentation on this error, please visit: http://seleniumhq.org/exceptions/no_such_element.html
Build info: version: &apos;2.53.1&apos;, revision: &apos;a36b8b1cd5757287168e54b817830adce9b0158d&apos;, time: &apos;2016-06-30 19:26:09&apos;
System info: host: &apos;HMS-Barkha-QA&apos;, ip: &apos;192.168.2.115&apos;, os.name: &apos;Windows 7&apos;, os.arch: &apos;x86&apos;, os.version: &apos;6.1&apos;, java.version: &apos;1.8.0_40&apos;
Driver info: org.openqa.selenium.firefox.FirefoxDriver
Capabilities [{applicationCacheEnabled=true, rotatable=false, handlesAlerts=true, databaseEnabled=true, version=45.0.1, platform=WINDOWS, nativeEvents=false, acceptSslCerts=true, webStorageEnabled=true, locationContextEnabled=true, browserName=firefox, takesScreenshot=true, javascriptEnabled=true, cssSelectorsEnabled=true}]
Session ID: 2bb0945d-bc26-4765-a5e5-41de03ba95eb
*** Element info: {Using=xpath, value=//input[@value=&apos;Cancel&apos;]}
	at org.openqa.selenium.remote.ErrorHandler.createThrowable(ErrorHandler.java:206)
	at org.openqa.selenium.remote.ErrorHandler.throwIfResponseFailed(ErrorHandler.java:158)
	at org.openqa.selenium.remote.RemoteWebDriver.execute(RemoteWebDriver.java:678)
	at org.openqa.selenium.remote.RemoteWebDriver.findElement(RemoteWebDriver.java:363)
	at org.openqa.selenium.remote.RemoteWebDriver.findElementByXPath(RemoteWebDriver.java:500)
	at org.openqa.selenium.By$ByXPath.findElement(By.java:361)
	at org.openqa.selenium.remote.RemoteWebDriver.findElement(RemoteWebDriver.java:355)
	at org.openqa.selenium.support.pagefactory.DefaultElementLocator.findElement(DefaultElementLocator.java:69)
	at org.openqa.selenium.support.pagefactory.internal.LocatingElementHandler.invoke(LocatingElementHandler.java:38)
	at com.sun.proxy.$Proxy5.isDisplayed(Unknown Source)
	at com.hotelogix.smoke.genericandbase.GenericMethods.fn_hold(GenericMethods.java:872)
	at com.hotelogix.smoke.genericandbase.GenericMethods.clickElement(GenericMethods.java:463)
	at com.hotelogix.smoke.frontdesk.FrontdeskHome.FrontdeskLandingPage.fn_ClickCancelButton(FrontdeskLandingPage.java:477)
	at com.hotelogix.smoke.FrontdeskTest.FrontdeskTest.fn_verifyGuestEarlyCheckinBtnForSingleGuestInGrpReserv(FrontdeskTest.java:1728)
Caused by: org.openqa.selenium.NoSuchElementException: Unable to locate element: {&quot;method&quot;:&quot;xpath&quot;,&quot;selector&quot;:&quot;//input[@value=&apos;Cancel&apos;]&quot;}
For documentation on this error, please visit: http://seleniumhq.org/exceptions/no_such_element.html
Build info: version: &apos;2.53.1&apos;, revision: &apos;a36b8b1cd5757287168e54b817830adce9b0158d&apos;, time: &apos;2016-06-30 19:26:09&apos;
System info: host: &apos;HMS-Barkha-QA&apos;, ip: &apos;192.168.2.115&apos;, os.name: &apos;Windows 7&apos;, os.arch: &apos;x86&apos;, os.version: &apos;6.1&apos;, java.version: &apos;1.8.0_40&apos;
Driver info: driver.version: unknown
	at &lt;anonymous class&gt;.FirefoxDriver.prototype.findElementInternal_(file:///C:/Users/qa/AppData/Local/Temp/anonymous7522383869022904637webdriver-profile/extensions/fxdriver@googlecode.com/components/driver-component.js:10770)
	at &lt;anonymous class&gt;.fxdriver.Timer.prototype.setTimeout/&lt;.notify(file:///C:/Users/qa/AppData/Local/Temp/anonymous7522383869022904637webdriver-profile/extensions/fxdriver@googlecode.com/components/driver-component.js:625)
... Removed 31 stack frames
</div> <!-- stack-trace -->
                  <em>
(Create 1N2R group reservation, and verify 'Guest Early Check-in'button for individual guest/room.)                  </em>
                </div> <!-- method-content -->
              </div> <!-- method -->
              <div class="method">
                <div class="method-content">
                  <a name="fn_verifyLateChkoutForSingleGuestInGrpReserv">
                  </a> <!-- fn_verifyLateChkoutForSingleGuestInGrpReserv -->
                  <span class="method-name">fn_verifyLateChkoutForSingleGuestInGrpReserv</span>
                  <div class="stack-trace">org.openqa.selenium.WebDriverException: Element is not clickable at point (582, 896.2000122070312). Other element would receive the click: &lt;div class=&quot;bg-blue-fixed&quot;&gt;&lt;/div&gt;
Command duration or timeout: 72 milliseconds
Build info: version: &apos;2.53.1&apos;, revision: &apos;a36b8b1cd5757287168e54b817830adce9b0158d&apos;, time: &apos;2016-06-30 19:26:09&apos;
System info: host: &apos;HMS-Barkha-QA&apos;, ip: &apos;192.168.2.115&apos;, os.name: &apos;Windows 7&apos;, os.arch: &apos;x86&apos;, os.version: &apos;6.1&apos;, java.version: &apos;1.8.0_40&apos;
Driver info: org.openqa.selenium.firefox.FirefoxDriver
Capabilities [{applicationCacheEnabled=true, rotatable=false, handlesAlerts=true, databaseEnabled=true, version=45.0.1, platform=WINDOWS, nativeEvents=false, acceptSslCerts=true, webStorageEnabled=true, locationContextEnabled=true, browserName=firefox, takesScreenshot=true, javascriptEnabled=true, cssSelectorsEnabled=true}]
Session ID: c367f960-3c32-44e7-afa7-fda0d474d641
	at org.openqa.selenium.remote.ErrorHandler.createThrowable(ErrorHandler.java:206)
	at org.openqa.selenium.remote.ErrorHandler.throwIfResponseFailed(ErrorHandler.java:158)
	at org.openqa.selenium.remote.RemoteWebDriver.execute(RemoteWebDriver.java:678)
	at org.openqa.selenium.remote.RemoteWebElement.execute(RemoteWebElement.java:327)
	at org.openqa.selenium.remote.RemoteWebElement.click(RemoteWebElement.java:85)
	at org.openqa.selenium.support.pagefactory.internal.LocatingElementHandler.invoke(LocatingElementHandler.java:51)
	at com.sun.proxy.$Proxy5.click(Unknown Source)
	at com.hotelogix.smoke.genericandbase.GenericMethods.clickElement(GenericMethods.java:464)
	at com.hotelogix.smoke.frontdesk.ViewDetailsPage.EnableEditingPage.fn_clkGrpSave(EnableEditingPage.java:1161)
	at com.hotelogix.smoke.FrontdeskTest.FrontdeskTest.fn_verifyLateChkoutForSingleGuestInGrpReserv(FrontdeskTest.java:2462)
... Removed 34 stack frames
</div> <!-- stack-trace -->
                  <em>
(Create 1N1R group reservation, and verify 'Late Check-out' button for single guest.)                  </em>
                </div> <!-- method-content -->
              </div> <!-- method -->
              <div class="method">
                <div class="method-content">
                  <a name="fn_verifyRgtClickGroupCheckoutLink">
                  </a> <!-- fn_verifyRgtClickGroupCheckoutLink -->
                  <span class="method-name">fn_verifyRgtClickGroupCheckoutLink</span>
                  <div class="stack-trace">org.openqa.selenium.NoSuchElementException: Unable to locate element: {&quot;method&quot;:&quot;xpath&quot;,&quot;selector&quot;:&quot;//input[@value=&apos;Perform Auto Night Audit&apos;]&quot;}
Command duration or timeout: 70.07 seconds
For documentation on this error, please visit: http://seleniumhq.org/exceptions/no_such_element.html
Build info: version: &apos;2.53.1&apos;, revision: &apos;a36b8b1cd5757287168e54b817830adce9b0158d&apos;, time: &apos;2016-06-30 19:26:09&apos;
System info: host: &apos;HMS-Barkha-QA&apos;, ip: &apos;192.168.2.115&apos;, os.name: &apos;Windows 7&apos;, os.arch: &apos;x86&apos;, os.version: &apos;6.1&apos;, java.version: &apos;1.8.0_40&apos;
Driver info: org.openqa.selenium.firefox.FirefoxDriver
Capabilities [{applicationCacheEnabled=true, rotatable=false, handlesAlerts=true, databaseEnabled=true, version=45.0.1, platform=WINDOWS, nativeEvents=false, acceptSslCerts=true, webStorageEnabled=true, locationContextEnabled=true, browserName=firefox, takesScreenshot=true, javascriptEnabled=true, cssSelectorsEnabled=true}]
Session ID: 92697304-df53-4c38-8732-2edbba453961
*** Element info: {Using=xpath, value=//input[@value=&apos;Perform Auto Night Audit&apos;]}
	at org.openqa.selenium.remote.ErrorHandler.createThrowable(ErrorHandler.java:206)
	at org.openqa.selenium.remote.ErrorHandler.throwIfResponseFailed(ErrorHandler.java:158)
	at org.openqa.selenium.remote.RemoteWebDriver.execute(RemoteWebDriver.java:678)
	at org.openqa.selenium.remote.RemoteWebDriver.findElement(RemoteWebDriver.java:363)
	at org.openqa.selenium.remote.RemoteWebDriver.findElementByXPath(RemoteWebDriver.java:500)
	at org.openqa.selenium.By$ByXPath.findElement(By.java:361)
	at org.openqa.selenium.remote.RemoteWebDriver.findElement(RemoteWebDriver.java:355)
	at org.openqa.selenium.support.pagefactory.DefaultElementLocator.findElement(DefaultElementLocator.java:69)
	at org.openqa.selenium.support.pagefactory.internal.LocatingElementHandler.invoke(LocatingElementHandler.java:38)
	at com.sun.proxy.$Proxy5.isDisplayed(Unknown Source)
	at com.hotelogix.smoke.genericandbase.GenericMethods.fn_hold(GenericMethods.java:872)
	at com.hotelogix.smoke.genericandbase.GenericMethods.js_Click(GenericMethods.java:470)
	at com.hotelogix.smoke.frontdesk.FrontdeskHome.FrontdeskLandingPage.fn_AutoNightAudit1(FrontdeskLandingPage.java:856)
	at com.hotelogix.smoke.FrontdeskTest.FrontdeskTest.fn_verifyRgtClickGroupCheckoutLink(FrontdeskTest.java:2100)
Caused by: org.openqa.selenium.NoSuchElementException: Unable to locate element: {&quot;method&quot;:&quot;xpath&quot;,&quot;selector&quot;:&quot;//input[@value=&apos;Perform Auto Night Audit&apos;]&quot;}
For documentation on this error, please visit: http://seleniumhq.org/exceptions/no_such_element.html
Build info: version: &apos;2.53.1&apos;, revision: &apos;a36b8b1cd5757287168e54b817830adce9b0158d&apos;, time: &apos;2016-06-30 19:26:09&apos;
System info: host: &apos;HMS-Barkha-QA&apos;, ip: &apos;192.168.2.115&apos;, os.name: &apos;Windows 7&apos;, os.arch: &apos;x86&apos;, os.version: &apos;6.1&apos;, java.version: &apos;1.8.0_40&apos;
Driver info: driver.version: unknown
	at &lt;anonymous class&gt;.FirefoxDriver.prototype.findElementInternal_(file:///C:/Users/qa/AppData/Local/Temp/anonymous1976404052510109711webdriver-profile/extensions/fxdriver@googlecode.com/components/driver-component.js:10770)
	at &lt;anonymous class&gt;.fxdriver.Timer.prototype.setTimeout/&lt;.notify(file:///C:/Users/qa/AppData/Local/Temp/anonymous1976404052510109711webdriver-profile/extensions/fxdriver@googlecode.com/components/driver-component.js:625)
... Removed 31 stack frames
</div> <!-- stack-trace -->
                  <em>
(Create group reservation,right click on reservation & click 'Group Check-out')                  </em>
                </div> <!-- method-content -->
              </div> <!-- method -->
              <div class="method">
                <div class="method-content">
                  <a name="fn_verifyRtClkCheckoutInSingleReserv">
                  </a> <!-- fn_verifyRtClkCheckoutInSingleReserv -->
                  <span class="method-name">fn_verifyRtClkCheckoutInSingleReserv</span>
                  <div class="stack-trace">org.openqa.selenium.NoSuchElementException: Unable to locate element: {&quot;method&quot;:&quot;xpath&quot;,&quot;selector&quot;:&quot;//input[@value=&apos;Cancel&apos;]&quot;}
Command duration or timeout: 70.07 seconds
For documentation on this error, please visit: http://seleniumhq.org/exceptions/no_such_element.html
Build info: version: &apos;2.53.1&apos;, revision: &apos;a36b8b1cd5757287168e54b817830adce9b0158d&apos;, time: &apos;2016-06-30 19:26:09&apos;
System info: host: &apos;HMS-Barkha-QA&apos;, ip: &apos;192.168.2.115&apos;, os.name: &apos;Windows 7&apos;, os.arch: &apos;x86&apos;, os.version: &apos;6.1&apos;, java.version: &apos;1.8.0_40&apos;
Driver info: org.openqa.selenium.firefox.FirefoxDriver
Capabilities [{applicationCacheEnabled=true, rotatable=false, handlesAlerts=true, databaseEnabled=true, version=45.0.1, platform=WINDOWS, nativeEvents=false, acceptSslCerts=true, webStorageEnabled=true, locationContextEnabled=true, browserName=firefox, takesScreenshot=true, javascriptEnabled=true, cssSelectorsEnabled=true}]
Session ID: afecc6c0-3042-4575-8c86-4b6c21dadbe4
*** Element info: {Using=xpath, value=//input[@value=&apos;Cancel&apos;]}
	at org.openqa.selenium.remote.ErrorHandler.createThrowable(ErrorHandler.java:206)
	at org.openqa.selenium.remote.ErrorHandler.throwIfResponseFailed(ErrorHandler.java:158)
	at org.openqa.selenium.remote.RemoteWebDriver.execute(RemoteWebDriver.java:678)
	at org.openqa.selenium.remote.RemoteWebDriver.findElement(RemoteWebDriver.java:363)
	at org.openqa.selenium.remote.RemoteWebDriver.findElementByXPath(RemoteWebDriver.java:500)
	at org.openqa.selenium.By$ByXPath.findElement(By.java:361)
	at org.openqa.selenium.remote.RemoteWebDriver.findElement(RemoteWebDriver.java:355)
	at org.openqa.selenium.support.pagefactory.DefaultElementLocator.findElement(DefaultElementLocator.java:69)
	at org.openqa.selenium.support.pagefactory.internal.LocatingElementHandler.invoke(LocatingElementHandler.java:38)
	at com.sun.proxy.$Proxy5.isDisplayed(Unknown Source)
	at com.hotelogix.smoke.genericandbase.GenericMethods.fn_hold(GenericMethods.java:872)
	at com.hotelogix.smoke.genericandbase.GenericMethods.clickElement(GenericMethods.java:463)
	at com.hotelogix.smoke.frontdesk.FrontdeskHome.FrontdeskLandingPage.fn_ClickCancelButton(FrontdeskLandingPage.java:477)
	at com.hotelogix.smoke.FrontdeskTest.FrontdeskTest.fn_verifyRtClkCheckoutInSingleReserv(FrontdeskTest.java:1787)
Caused by: org.openqa.selenium.NoSuchElementException: Unable to locate element: {&quot;method&quot;:&quot;xpath&quot;,&quot;selector&quot;:&quot;//input[@value=&apos;Cancel&apos;]&quot;}
For documentation on this error, please visit: http://seleniumhq.org/exceptions/no_such_element.html
Build info: version: &apos;2.53.1&apos;, revision: &apos;a36b8b1cd5757287168e54b817830adce9b0158d&apos;, time: &apos;2016-06-30 19:26:09&apos;
System info: host: &apos;HMS-Barkha-QA&apos;, ip: &apos;192.168.2.115&apos;, os.name: &apos;Windows 7&apos;, os.arch: &apos;x86&apos;, os.version: &apos;6.1&apos;, java.version: &apos;1.8.0_40&apos;
Driver info: driver.version: unknown
	at &lt;anonymous class&gt;.FirefoxDriver.prototype.findElementInternal_(file:///C:/Users/qa/AppData/Local/Temp/anonymous5523038051342331408webdriver-profile/extensions/fxdriver@googlecode.com/components/driver-component.js:10770)
	at &lt;anonymous class&gt;.fxdriver.Timer.prototype.setTimeout/&lt;.notify(file:///C:/Users/qa/AppData/Local/Temp/anonymous5523038051342331408webdriver-profile/extensions/fxdriver@googlecode.com/components/driver-component.js:625)
... Removed 31 stack frames
</div> <!-- stack-trace -->
                  <em>
(Create 1N1R reservation,right click on it and verify 'Checkout' link.)                  </em>
                </div> <!-- method-content -->
              </div> <!-- method -->
              <div class="method">
                <div class="method-content">
                  <a name="fn_verifySingleLinkAndEarlyCheckinBtn">
                  </a> <!-- fn_verifySingleLinkAndEarlyCheckinBtn -->
                  <span class="method-name">fn_verifySingleLinkAndEarlyCheckinBtn</span>
                  <div class="stack-trace">org.openqa.selenium.NoSuchElementException: Cannot locate element with text: Seasonal Rate
For documentation on this error, please visit: http://seleniumhq.org/exceptions/no_such_element.html
Build info: version: &apos;2.53.1&apos;, revision: &apos;a36b8b1cd5757287168e54b817830adce9b0158d&apos;, time: &apos;2016-06-30 19:26:09&apos;
System info: host: &apos;HMS-Barkha-QA&apos;, ip: &apos;192.168.2.115&apos;, os.name: &apos;Windows 7&apos;, os.arch: &apos;x86&apos;, os.version: &apos;6.1&apos;, java.version: &apos;1.8.0_40&apos;
Driver info: driver.version: unknown
	at org.openqa.selenium.support.ui.Select.selectByVisibleText(Select.java:150)
	at com.hotelogix.smoke.genericandbase.GenericMethods.selectElement(GenericMethods.java:497)
	at com.hotelogix.smoke.frontdesk.FrontdeskHome.FrontdeskLandingPage.fn_FillQuickReservationFormSG(FrontdeskLandingPage.java:2999)
	at com.hotelogix.smoke.FrontdeskTest.FrontdeskTest.fn_verifySingleLinkAndEarlyCheckinBtn(FrontdeskTest.java:1155)
... Removed 27 stack frames
</div> <!-- stack-trace -->
                  <em>
(Create 1N1R reservation,click 'Single' link and then click 'EarlyCheckin' button)                  </em>
                </div> <!-- method-content -->
              </div> <!-- method -->
              <div class="method">
                <div class="method-content">
                  <a name="fn_verifySingleLnkAndGuestCheckinLnk">
                  </a> <!-- fn_verifySingleLnkAndGuestCheckinLnk -->
                  <span class="method-name">fn_verifySingleLnkAndGuestCheckinLnk</span>
                  <div class="stack-trace">org.openqa.selenium.UnhandledAlertException: Unexpected modal dialog (text: SyntaxError: parseJSON): SyntaxError: parseJSON
Build info: version: &apos;2.53.1&apos;, revision: &apos;a36b8b1cd5757287168e54b817830adce9b0158d&apos;, time: &apos;2016-06-30 19:26:09&apos;
System info: host: &apos;HMS-Barkha-QA&apos;, ip: &apos;192.168.2.115&apos;, os.name: &apos;Windows 7&apos;, os.arch: &apos;x86&apos;, os.version: &apos;6.1&apos;, java.version: &apos;1.8.0_40&apos;
Driver info: org.openqa.selenium.firefox.FirefoxDriver
Capabilities [{applicationCacheEnabled=true, rotatable=false, handlesAlerts=true, databaseEnabled=true, version=45.0.1, platform=WINDOWS, nativeEvents=false, acceptSslCerts=true, webStorageEnabled=true, locationContextEnabled=true, browserName=firefox, takesScreenshot=true, javascriptEnabled=true, cssSelectorsEnabled=true}]
Session ID: ffb54284-27d2-45b2-aa07-63b826946073
*** Element info: {Using=xpath, value=//input[@value=&apos;Cancel&apos;]}
	at org.openqa.selenium.remote.ErrorHandler.createThrowable(ErrorHandler.java:206)
	at org.openqa.selenium.remote.ErrorHandler.createUnhandledAlertException(ErrorHandler.java:187)
	at org.openqa.selenium.remote.ErrorHandler.throwIfResponseFailed(ErrorHandler.java:154)
	at org.openqa.selenium.remote.RemoteWebDriver.execute(RemoteWebDriver.java:678)
	at org.openqa.selenium.remote.RemoteWebDriver.findElement(RemoteWebDriver.java:363)
	at org.openqa.selenium.remote.RemoteWebDriver.findElementByXPath(RemoteWebDriver.java:500)
	at org.openqa.selenium.By$ByXPath.findElement(By.java:361)
	at org.openqa.selenium.remote.RemoteWebDriver.findElement(RemoteWebDriver.java:355)
	at org.openqa.selenium.support.pagefactory.DefaultElementLocator.findElement(DefaultElementLocator.java:69)
	at org.openqa.selenium.support.pagefactory.internal.LocatingElementHandler.invoke(LocatingElementHandler.java:38)
	at com.sun.proxy.$Proxy5.isDisplayed(Unknown Source)
	at com.hotelogix.smoke.genericandbase.GenericMethods.fn_hold(GenericMethods.java:872)
	at com.hotelogix.smoke.genericandbase.GenericMethods.clickElement(GenericMethods.java:463)
	at com.hotelogix.smoke.frontdesk.FrontdeskHome.FrontdeskLandingPage.fn_ClickCancelButton(FrontdeskLandingPage.java:477)
	at com.hotelogix.smoke.FrontdeskTest.FrontdeskTest.fn_verifySingleLnkAndGuestCheckinLnk(FrontdeskTest.java:1240)
... Removed 31 stack frames
</div> <!-- stack-trace -->
                  <em>
(Create 1N1R reservation, click Single link and verify 'Guest Checkin' link)                  </em>
                </div> <!-- method-content -->
              </div> <!-- method -->
            </div> <!-- main-panel-content rounded-window-bottom -->
          </div> <!-- suite-Suite-class-failed -->
          <div class="suite-Suite-class-passed">
            <div class="main-panel-header rounded-window-top">
              <img src="passed.png"/>
              <span class="class-name">com.hotelogix.smoke.FrontdeskTest.FrontdeskTest</span>
            </div> <!-- main-panel-header rounded-window-top -->
            <div class="main-panel-content rounded-window-bottom">
              <div class="method">
                <div class="method-content">
                  <a name="TC_180_181_182_183_184_185_186_187_188">
                  </a> <!-- TC_180_181_182_183_184_185_186_187_188 -->
                  <span class="method-name">TC_180_181_182_183_184_185_186_187_188</span>
                  <em>
(Navigate to Web Console by clicking 'Web Reservation' link on frontdesk, and create a web reservation.Verify rates and taxes posted for booking on frontdesk.)                  </em>
                </div> <!-- method-content -->
              </div> <!-- method -->
              <div class="method">
                <div class="method-content">
                  <a name="TC_189_190">
                  </a> <!-- TC_189_190 -->
                  <span class="method-name">TC_189_190</span>
                  <em>
(Attach a master package to web and verify published price on web console.)                  </em>
                </div> <!-- method-content -->
              </div> <!-- method -->
              <div class="method">
                <div class="method-content">
                  <a name="TC_191">
                  </a> <!-- TC_191 -->
                  <span class="method-name">TC_191</span>
                  <em>
(Select Last Min Rate checkbox corresponding to any of the room type in room price list page and verify published rate on web console.)                  </em>
                </div> <!-- method-content -->
              </div> <!-- method -->
              <div class="method">
                <div class="method-content">
                  <a name="fn_verifyCalcOfHouseCountReport">
                  </a> <!-- fn_verifyCalcOfHouseCountReport -->
                  <span class="method-name">fn_verifyCalcOfHouseCountReport</span>
                  <em>
(Verify calculation displayed in house count report)                  </em>
                </div> <!-- method-content -->
              </div> <!-- method -->
              <div class="method">
                <div class="method-content">
                  <a name="fn_verifyExportOfDailySalesReport">
                  </a> <!-- fn_verifyExportOfDailySalesReport -->
                  <span class="method-name">fn_verifyExportOfDailySalesReport</span>
                  <em>
(Verify Daily sales report for specific counter,POS Point and date range.Also verify 'Print' and 'Export' button functionality.)                  </em>
                </div> <!-- method-content -->
              </div> <!-- method -->
              <div class="method">
                <div class="method-content">
                  <a name="fn_verifyExportOfMonthlySummaryReport">
                  </a> <!-- fn_verifyExportOfMonthlySummaryReport -->
                  <span class="method-name">fn_verifyExportOfMonthlySummaryReport</span>
                  <em>
(Verify 'Export' button functionality for monthly summary report)                  </em>
                </div> <!-- method-content -->
              </div> <!-- method -->
              <div class="method">
                <div class="method-content">
                  <a name="fn_verifyGroupCheckinBtnIn1N1RGroupReserv">
                  </a> <!-- fn_verifyGroupCheckinBtnIn1N1RGroupReserv -->
                  <span class="method-name">fn_verifyGroupCheckinBtnIn1N1RGroupReserv</span>
                  <em>
(Create 1N1R group reservation by clicking 'Group' link, and verify 'Group Checkin' button.)                  </em>
                </div> <!-- method-content -->
              </div> <!-- method -->
              <div class="method">
                <div class="method-content">
                  <a name="fn_verifyGuestCheckInLnkForSingleReserv">
                  </a> <!-- fn_verifyGuestCheckInLnkForSingleReserv -->
                  <span class="method-name">fn_verifyGuestCheckInLnkForSingleReserv</span>
                  <em>
(Create 1N1R reservation,and verify 'Guest Checkin' link on Enable Editing page.)                  </em>
                </div> <!-- method-content -->
              </div> <!-- method -->
              <div class="method">
                <div class="method-content">
                  <a name="fn_verifyGuestEarlyCheckinLnkInSingleReserv">
                  </a> <!-- fn_verifyGuestEarlyCheckinLnkInSingleReserv -->
                  <span class="method-name">fn_verifyGuestEarlyCheckinLnkInSingleReserv</span>
                  <em>
(Create 1N1R reservation, and verify 'Guest Early Checkin' link)                  </em>
                </div> <!-- method-content -->
              </div> <!-- method -->
              <div class="method">
                <div class="method-content">
                  <a name="fn_verifyHouseCountReportForSpecificDateRange">
                  </a> <!-- fn_verifyHouseCountReportForSpecificDateRange -->
                  <span class="method-name">fn_verifyHouseCountReportForSpecificDateRange</span>
                  <em>
(Verify House Count Report for selected room type and selected date range)                  </em>
                </div> <!-- method-content -->
              </div> <!-- method -->
              <div class="method">
                <div class="method-content">
                  <a name="fn_verifyMonthlySummaryReportForSpecificMonth">
                  </a> <!-- fn_verifyMonthlySummaryReportForSpecificMonth -->
                  <span class="method-name">fn_verifyMonthlySummaryReportForSpecificMonth</span>
                  <em>
(Verify monthly summary report for selected month and year.)                  </em>
                </div> <!-- method-content -->
              </div> <!-- method -->
              <div class="method">
                <div class="method-content">
                  <a name="fn_verifyNoShowReportForSpecificDateRange">
                  </a> <!-- fn_verifyNoShowReportForSpecificDateRange -->
                  <span class="method-name">fn_verifyNoShowReportForSpecificDateRange</span>
                  <em>
(Verify No show report for specific date range.Also verify 'Print' and 'Export' button functionality.)                  </em>
                </div> <!-- method-content -->
              </div> <!-- method -->
              <div class="method">
                <div class="method-content">
                  <a name="fn_verifyPriceAndDiscAmtOnMoreDetailPage">
                  </a> <!-- fn_verifyPriceAndDiscAmtOnMoreDetailPage -->
                  <span class="method-name">fn_verifyPriceAndDiscAmtOnMoreDetailPage</span>
                  <em>
(Apply special discount while creating web reservation and verify discounted amount on Web More Detail page.)                  </em>
                </div> <!-- method-content -->
              </div> <!-- method -->
              <div class="method">
                <div class="method-content">
                  <a name="fn_verifySingleLinkAndCheckinBtn">
                  </a> <!-- fn_verifySingleLinkAndCheckinBtn -->
                  <span class="method-name">fn_verifySingleLinkAndCheckinBtn</span>
                  <em>
(Create 1N1R reservation,click 'Single' link and then click 'Checkin' button)                  </em>
                </div> <!-- method-content -->
              </div> <!-- method -->
              <div class="method">
                <div class="method-content">
                  <a name="fn_verifySingleLnkAndEarlyGuestCheckinLnk">
                  </a> <!-- fn_verifySingleLnkAndEarlyGuestCheckinLnk -->
                  <span class="method-name">fn_verifySingleLnkAndEarlyGuestCheckinLnk</span>
                  <em>
(Create 1N1R reservation, click Single link and verify 'Early guest Checkin' link)                  </em>
                </div> <!-- method-content -->
              </div> <!-- method -->
            </div> <!-- main-panel-content rounded-window-bottom -->
          </div> <!-- suite-Suite-class-passed -->
        </div> <!-- panel Suite -->
        <div panel-name="test-xml-Suite" class="panel">
          <div class="main-panel-header rounded-window-top">
            <span class="header-content">D:\Livestable_Smoke\livestable_Smoak\testng.xml</span>
          </div> <!-- main-panel-header rounded-window-top -->
          <div class="main-panel-content rounded-window-bottom">
            <pre>
&lt;?xml version=&quot;1.0&quot; encoding=&quot;UTF-8&quot;?&gt;
&lt;!DOCTYPE suite SYSTEM &quot;http://testng.org/testng-1.0.dtd&quot;&gt;
&lt;suite verbose=&quot;0&quot; name=&quot;Suite&quot;&gt;
  &lt;listeners&gt;
    &lt;listener class-name=&quot;com.hotelogix.smoke.FrontdeskTest.Ireporter&quot;/&gt;
  &lt;/listeners&gt;
  &lt;test name=&quot;Test&quot;&gt;
    &lt;classes&gt;
      &lt;class name=&quot;com.hotelogix.smoke.FrontdeskTest.FrontdeskTest&quot;/&gt;
    &lt;/classes&gt;
  &lt;/test&gt; &lt;!-- Test --&gt;
&lt;/suite&gt; &lt;!-- Suite --&gt;
            </pre>
          </div> <!-- main-panel-content rounded-window-bottom -->
        </div> <!-- panel -->
        <div panel-name="testlist-Suite" class="panel">
          <div class="main-panel-header rounded-window-top">
            <span class="header-content">Tests for Suite</span>
          </div> <!-- main-panel-header rounded-window-top -->
          <div class="main-panel-content rounded-window-bottom">
            <ul>
              <li>
                <span class="test-name">Test (1 class)</span>
              </li>
            </ul>
          </div> <!-- main-panel-content rounded-window-bottom -->
        </div> <!-- panel -->
        <div panel-name="group-Suite" class="panel">
          <div class="main-panel-header rounded-window-top">
            <span class="header-content">Groups for Suite</span>
          </div> <!-- main-panel-header rounded-window-top -->
          <div class="main-panel-content rounded-window-bottom">
          </div> <!-- main-panel-content rounded-window-bottom -->
        </div> <!-- panel -->
        <div panel-name="times-Suite" class="panel">
          <div class="main-panel-header rounded-window-top">
            <span class="header-content">Times for Suite</span>
          </div> <!-- main-panel-header rounded-window-top -->
          <div class="main-panel-content rounded-window-bottom">
            <div class="times-div">
              <script type="text/javascript">
suiteTableInitFunctions.push('tableData_Suite');
function tableData_Suite() {
var data = new google.visualization.DataTable();
data.addColumn('number', 'Number');
data.addColumn('string', 'Method');
data.addColumn('string', 'Class');
data.addColumn('number', 'Time (ms)');
data.addRows(42);
data.setCell(0, 0, 0)
data.setCell(0, 1, 'fn_verifyGroupChkoutInGrpReserv')
data.setCell(0, 2, 'com.hotelogix.smoke.FrontdeskTest.FrontdeskTest')
data.setCell(0, 3, 317008);
data.setCell(1, 0, 1)
data.setCell(1, 1, 'fn_verifyCheckoutSelectedInGrpReserv')
data.setCell(1, 2, 'com.hotelogix.smoke.FrontdeskTest.FrontdeskTest')
data.setCell(1, 3, 292919);
data.setCell(2, 0, 2)
data.setCell(2, 1, 'fn_verifyRgtClickGroupCheckoutLink')
data.setCell(2, 2, 'com.hotelogix.smoke.FrontdeskTest.FrontdeskTest')
data.setCell(2, 3, 285004);
data.setCell(3, 0, 3)
data.setCell(3, 1, 'fn_verifySingleLinkAndEarlyCheckinBtn')
data.setCell(3, 2, 'com.hotelogix.smoke.FrontdeskTest.FrontdeskTest')
data.setCell(3, 3, 277783);
data.setCell(4, 0, 4)
data.setCell(4, 1, 'fn_verifyGrpChkoutBtnOnEnableEditing')
data.setCell(4, 2, 'com.hotelogix.smoke.FrontdeskTest.FrontdeskTest')
data.setCell(4, 3, 269601);
data.setCell(5, 0, 5)
data.setCell(5, 1, 'fn_verifyChkoutForSingleGuestInGrpReserv')
data.setCell(5, 2, 'com.hotelogix.smoke.FrontdeskTest.FrontdeskTest')
data.setCell(5, 3, 263417);
data.setCell(6, 0, 6)
data.setCell(6, 1, 'fn_verifyEarlyCheckinBtnForSingleGuestInGrpReserv')
data.setCell(6, 2, 'com.hotelogix.smoke.FrontdeskTest.FrontdeskTest')
data.setCell(6, 3, 257576);
data.setCell(7, 0, 7)
data.setCell(7, 1, 'fn_CreateGroupReservOnWeb')
data.setCell(7, 2, 'com.hotelogix.smoke.FrontdeskTest.FrontdeskTest')
data.setCell(7, 3, 232328);
data.setCell(8, 0, 8)
data.setCell(8, 1, 'fn_verifyCheckinBtnForSingleGuestInGrpReserv')
data.setCell(8, 2, 'com.hotelogix.smoke.FrontdeskTest.FrontdeskTest')
data.setCell(8, 3, 214082);
data.setCell(9, 0, 9)
data.setCell(9, 1, 'fn_verifyEnableEditingLateCheckoutInSingleReserv')
data.setCell(9, 2, 'com.hotelogix.smoke.FrontdeskTest.FrontdeskTest')
data.setCell(9, 3, 206040);
data.setCell(10, 0, 10)
data.setCell(10, 1, 'fn_verifyExpressCheckoutInSingleReserv')
data.setCell(10, 2, 'com.hotelogix.smoke.FrontdeskTest.FrontdeskTest')
data.setCell(10, 3, 205501);
data.setCell(11, 0, 11)
data.setCell(11, 1, 'TC_194_195_196_197_198_199_200_201')
data.setCell(11, 2, 'com.hotelogix.smoke.FrontdeskTest.FrontdeskTest')
data.setCell(11, 3, 203658);
data.setCell(12, 0, 12)
data.setCell(12, 1, 'fn_verifyExpressChkoutInGrpReserv')
data.setCell(12, 2, 'com.hotelogix.smoke.FrontdeskTest.FrontdeskTest')
data.setCell(12, 3, 202305);
data.setCell(13, 0, 13)
data.setCell(13, 1, 'TC_189_190')
data.setCell(13, 2, 'com.hotelogix.smoke.FrontdeskTest.FrontdeskTest')
data.setCell(13, 3, 201894);
data.setCell(14, 0, 14)
data.setCell(14, 1, 'fn_verifyCheckinBtnInSingleReserv')
data.setCell(14, 2, 'com.hotelogix.smoke.FrontdeskTest.FrontdeskTest')
data.setCell(14, 3, 198853);
data.setCell(15, 0, 15)
data.setCell(15, 1, 'fn_verifyGuestCheckinBtnForSingleGuestInGrpReserv')
data.setCell(15, 2, 'com.hotelogix.smoke.FrontdeskTest.FrontdeskTest')
data.setCell(15, 3, 196423);
data.setCell(16, 0, 16)
data.setCell(16, 1, 'fn_verifyRtClkCheckoutInSingleReserv')
data.setCell(16, 2, 'com.hotelogix.smoke.FrontdeskTest.FrontdeskTest')
data.setCell(16, 3, 196143);
data.setCell(17, 0, 17)
data.setCell(17, 1, 'TC_180_181_182_183_184_185_186_187_188')
data.setCell(17, 2, 'com.hotelogix.smoke.FrontdeskTest.FrontdeskTest')
data.setCell(17, 3, 194689);
data.setCell(18, 0, 18)
data.setCell(18, 1, 'fn_verifyEnableEditingCheckoutInSingleReserv')
data.setCell(18, 2, 'com.hotelogix.smoke.FrontdeskTest.FrontdeskTest')
data.setCell(18, 3, 192425);
data.setCell(19, 0, 19)
data.setCell(19, 1, 'fn_verifyGuestEarlyCheckinLnkInSingleReserv')
data.setCell(19, 2, 'com.hotelogix.smoke.FrontdeskTest.FrontdeskTest')
data.setCell(19, 3, 189080);
data.setCell(20, 0, 20)
data.setCell(20, 1, 'fn_verifyHouseCountReportForSpecificDateRange')
data.setCell(20, 2, 'com.hotelogix.smoke.FrontdeskTest.FrontdeskTest')
data.setCell(20, 3, 186557);
data.setCell(21, 0, 21)
data.setCell(21, 1, 'fn_verifyLateChkoutForSingleGuestInGrpReserv')
data.setCell(21, 2, 'com.hotelogix.smoke.FrontdeskTest.FrontdeskTest')
data.setCell(21, 3, 186171);
data.setCell(22, 0, 22)
data.setCell(22, 1, 'fn_verifyGuestEarlyCheckinBtnForSingleGuestInGrpReserv')
data.setCell(22, 2, 'com.hotelogix.smoke.FrontdeskTest.FrontdeskTest')
data.setCell(22, 3, 184834);
data.setCell(23, 0, 23)
data.setCell(23, 1, 'fn_verifyCheckinSelectedInGrpReserv')
data.setCell(23, 2, 'com.hotelogix.smoke.FrontdeskTest.FrontdeskTest')
data.setCell(23, 3, 183567);
data.setCell(24, 0, 24)
data.setCell(24, 1, 'fn_verifyGuestCheckInLnkForSingleReserv')
data.setCell(24, 2, 'com.hotelogix.smoke.FrontdeskTest.FrontdeskTest')
data.setCell(24, 3, 180400);
data.setCell(25, 0, 25)
data.setCell(25, 1, 'fn_verifyGroupCheckinBtnIn1N1RGroupReserv')
data.setCell(25, 2, 'com.hotelogix.smoke.FrontdeskTest.FrontdeskTest')
data.setCell(25, 3, 177298);
data.setCell(26, 0, 26)
data.setCell(26, 1, 'fn_verifySingleLinkAndCheckinBtn')
data.setCell(26, 2, 'com.hotelogix.smoke.FrontdeskTest.FrontdeskTest')
data.setCell(26, 3, 172733);
data.setCell(27, 0, 27)
data.setCell(27, 1, 'fn_verifyGuestCheckoutInSingleReserv')
data.setCell(27, 2, 'com.hotelogix.smoke.FrontdeskTest.FrontdeskTest')
data.setCell(27, 3, 172668);
data.setCell(28, 0, 28)
data.setCell(28, 1, 'fn_verifySingleLnkAndEarlyGuestCheckinLnk')
data.setCell(28, 2, 'com.hotelogix.smoke.FrontdeskTest.FrontdeskTest')
data.setCell(28, 3, 172427);
data.setCell(29, 0, 29)
data.setCell(29, 1, 'fn_verifyCalcOfHouseCountReport')
data.setCell(29, 2, 'com.hotelogix.smoke.FrontdeskTest.FrontdeskTest')
data.setCell(29, 3, 172389);
data.setCell(30, 0, 30)
data.setCell(30, 1, 'fn_verifyPriceAndDiscAmtOnMoreDetailPage')
data.setCell(30, 2, 'com.hotelogix.smoke.FrontdeskTest.FrontdeskTest')
data.setCell(30, 3, 151726);
data.setCell(31, 0, 31)
data.setCell(31, 1, 'TC_191')
data.setCell(31, 2, 'com.hotelogix.smoke.FrontdeskTest.FrontdeskTest')
data.setCell(31, 3, 147675);
data.setCell(32, 0, 32)
data.setCell(32, 1, 'fn_verifyExportOfDiscountReport')
data.setCell(32, 2, 'com.hotelogix.smoke.FrontdeskTest.FrontdeskTest')
data.setCell(32, 3, 139744);
data.setCell(33, 0, 33)
data.setCell(33, 1, 'fn_verifyEarlyCheckinBtnInReserv')
data.setCell(33, 2, 'com.hotelogix.smoke.FrontdeskTest.FrontdeskTest')
data.setCell(33, 3, 132725);
data.setCell(34, 0, 34)
data.setCell(34, 1, 'fn_verifyGroupCheckinBtnInGrpReserv')
data.setCell(34, 2, 'com.hotelogix.smoke.FrontdeskTest.FrontdeskTest')
data.setCell(34, 3, 129686);
data.setCell(35, 0, 35)
data.setCell(35, 1, 'fn_verifyAutoNAPostingsInAccounts')
data.setCell(35, 2, 'com.hotelogix.smoke.FrontdeskTest.FrontdeskTest')
data.setCell(35, 3, 128416);
data.setCell(36, 0, 36)
data.setCell(36, 1, 'fn_verifyExportOfDailySalesReport')
data.setCell(36, 2, 'com.hotelogix.smoke.FrontdeskTest.FrontdeskTest')
data.setCell(36, 3, 125466);
data.setCell(37, 0, 37)
data.setCell(37, 1, 'fn_verifyExportOfMonthlySummaryReport')
data.setCell(37, 2, 'com.hotelogix.smoke.FrontdeskTest.FrontdeskTest')
data.setCell(37, 3, 121603);
data.setCell(38, 0, 38)
data.setCell(38, 1, 'fn_verifyNoShowReportForSpecificDateRange')
data.setCell(38, 2, 'com.hotelogix.smoke.FrontdeskTest.FrontdeskTest')
data.setCell(38, 3, 118664);
data.setCell(39, 0, 39)
data.setCell(39, 1, 'fn_verifyMonthlySummaryReportForSpecificMonth')
data.setCell(39, 2, 'com.hotelogix.smoke.FrontdeskTest.FrontdeskTest')
data.setCell(39, 3, 107056);
data.setCell(40, 0, 40)
data.setCell(40, 1, 'fn_verifyCashierReport')
data.setCell(40, 2, 'com.hotelogix.smoke.FrontdeskTest.FrontdeskTest')
data.setCell(40, 3, 70932);
data.setCell(41, 0, 41)
data.setCell(41, 1, 'fn_verifySingleLnkAndGuestCheckinLnk')
data.setCell(41, 2, 'com.hotelogix.smoke.FrontdeskTest.FrontdeskTest')
data.setCell(41, 3, 70604);
window.suiteTableData['Suite']= { tableData: data, tableDiv: 'times-div-Suite'}
return data;
}
              </script>
              <span class="suite-total-time">Total running time: 2 hours</span>
              <div id="times-div-Suite">
              </div> <!-- times-div-Suite -->
            </div> <!-- times-div -->
          </div> <!-- main-panel-content rounded-window-bottom -->
        </div> <!-- panel -->
        <div panel-name="reporter-Suite" class="panel">
          <div class="main-panel-header rounded-window-top">
            <span class="header-content">Reporter output for Suite</span>
          </div> <!-- main-panel-header rounded-window-top -->
          <div class="main-panel-content rounded-window-bottom">
            <div class="reporter-method-div">
              <span class="reporter-method-name">fn_verifyNoShowReportForSpecificDateRange</span>
              <div class="reporter-method-output-div">
                <span class="reporter-method-output">Handle Print Pop-Up</span>
                <span class="reporter-method-output">Handle Export Downloading Pop-Up</span>
              </div> <!-- reporter-method-output-div -->
            </div> <!-- reporter-method-div -->
            <div class="reporter-method-div">
              <span class="reporter-method-name">fn_verifyExportOfDailySalesReport</span>
              <div class="reporter-method-output-div">
                <span class="reporter-method-output">Handle Print Pop-Up</span>
                <span class="reporter-method-output">Handle Export Downloading Pop-Up</span>
              </div> <!-- reporter-method-output-div -->
            </div> <!-- reporter-method-div -->
            <div class="reporter-method-div">
              <span class="reporter-method-name">fn_verifyExportOfMonthlySummaryReport</span>
              <div class="reporter-method-output-div">
                <span class="reporter-method-output">Handle Print Pop-Up</span>
                <span class="reporter-method-output">Handle Export Downloading Pop-Up</span>
              </div> <!-- reporter-method-output-div -->
            </div> <!-- reporter-method-div -->
          </div> <!-- main-panel-content rounded-window-bottom -->
        </div> <!-- panel -->
        <div panel-name="ignored-methods-Suite" class="panel">
          <div class="main-panel-header rounded-window-top">
            <span class="header-content">0 ignored methods</span>
          </div> <!-- main-panel-header rounded-window-top -->
          <div class="main-panel-content rounded-window-bottom">
          </div> <!-- main-panel-content rounded-window-bottom -->
        </div> <!-- panel -->
        <div panel-name="chronological-Suite" class="panel">
          <div class="main-panel-header rounded-window-top">
            <span class="header-content">Methods in chronological order</span>
          </div> <!-- main-panel-header rounded-window-top -->
          <div class="main-panel-content rounded-window-bottom">
            <div class="chronological-class">
              <div class="chronological-class-name">com.hotelogix.smoke.FrontdeskTest.FrontdeskTest</div> <!-- chronological-class-name -->
              <div class="configuration-method before">
                <span class="method-name">LaunchApp</span>
                <span class="method-start">0 ms</span>
              </div> <!-- configuration-method before -->
              <div class="test-method">
                <span class="method-name">TC_180_181_182_183_184_185_186_187_188</span>
                <span class="method-start">34734 ms</span>
              </div> <!-- test-method -->
              <div class="configuration-method after">
                <span class="method-name">closeApp</span>
                <span class="method-start">229423 ms</span>
              </div> <!-- configuration-method after -->
              <div class="configuration-method before">
                <span class="method-name">LaunchApp</span>
                <span class="method-start">230911 ms</span>
              </div> <!-- configuration-method before -->
              <div class="test-method">
                <span class="method-name">TC_189_190</span>
                <span class="method-start">247180 ms</span>
              </div> <!-- test-method -->
              <div class="configuration-method after">
                <span class="method-name">closeApp</span>
                <span class="method-start">449074 ms</span>
              </div> <!-- configuration-method after -->
              <div class="configuration-method before">
                <span class="method-name">LaunchApp</span>
                <span class="method-start">449867 ms</span>
              </div> <!-- configuration-method before -->
              <div class="test-method">
                <span class="method-name">TC_191</span>
                <span class="method-start">463011 ms</span>
              </div> <!-- test-method -->
              <div class="configuration-method after">
                <span class="method-name">closeApp</span>
                <span class="method-start">610686 ms</span>
              </div> <!-- configuration-method after -->
              <div class="configuration-method before">
                <span class="method-name">LaunchApp</span>
                <span class="method-start">611045 ms</span>
              </div> <!-- configuration-method before -->
              <div class="test-method">
                <span class="method-name">fn_verifyPriceAndDiscAmtOnMoreDetailPage</span>
                <span class="method-start">624478 ms</span>
              </div> <!-- test-method -->
              <div class="configuration-method after">
                <span class="method-name">closeApp</span>
                <span class="method-start">776204 ms</span>
              </div> <!-- configuration-method after -->
              <div class="configuration-method before">
                <span class="method-name">LaunchApp</span>
                <span class="method-start">776617 ms</span>
              </div> <!-- configuration-method before -->
              <div class="test-method">
                <img src="failed.png">
                </img>
                <span class="method-name">TC_194_195_196_197_198_199_200_201</span>
                <span class="method-start">790713 ms</span>
              </div> <!-- test-method -->
              <div class="configuration-method after">
                <span class="method-name">closeApp</span>
                <span class="method-start">994385 ms</span>
              </div> <!-- configuration-method after -->
              <div class="configuration-method before">
                <span class="method-name">LaunchApp</span>
                <span class="method-start">997975 ms</span>
              </div> <!-- configuration-method before -->
              <div class="test-method">
                <img src="failed.png">
                </img>
                <span class="method-name">fn_verifyAutoNAPostingsInAccounts</span>
                <span class="method-start">1012845 ms</span>
              </div> <!-- test-method -->
              <div class="configuration-method after">
                <span class="method-name">closeApp</span>
                <span class="method-start">1141266 ms</span>
              </div> <!-- configuration-method after -->
              <div class="configuration-method before">
                <span class="method-name">LaunchApp</span>
                <span class="method-start">1141728 ms</span>
              </div> <!-- configuration-method before -->
              <div class="test-method">
                <span class="method-name">fn_verifyHouseCountReportForSpecificDateRange</span>
                <span class="method-start">1155590 ms</span>
              </div> <!-- test-method -->
              <div class="configuration-method after">
                <span class="method-name">closeApp</span>
                <span class="method-start">1342147 ms</span>
              </div> <!-- configuration-method after -->
              <div class="configuration-method before">
                <span class="method-name">LaunchApp</span>
                <span class="method-start">1342667 ms</span>
              </div> <!-- configuration-method before -->
              <div class="test-method">
                <span class="method-name">fn_verifyMonthlySummaryReportForSpecificMonth</span>
                <span class="method-start">1356199 ms</span>
              </div> <!-- test-method -->
              <div class="configuration-method after">
                <span class="method-name">closeApp</span>
                <span class="method-start">1463255 ms</span>
              </div> <!-- configuration-method after -->
              <div class="configuration-method before">
                <span class="method-name">LaunchApp</span>
                <span class="method-start">1463647 ms</span>
              </div> <!-- configuration-method before -->
              <div class="test-method">
                <img src="failed.png">
                </img>
                <span class="method-name">fn_verifyCashierReport</span>
                <span class="method-start">1479192 ms</span>
              </div> <!-- test-method -->
              <div class="configuration-method after">
                <span class="method-name">closeApp</span>
                <span class="method-start">1550126 ms</span>
              </div> <!-- configuration-method after -->
              <div class="configuration-method before">
                <span class="method-name">LaunchApp</span>
                <span class="method-start">1550498 ms</span>
              </div> <!-- configuration-method before -->
              <div class="test-method">
                <span class="method-name">fn_verifyNoShowReportForSpecificDateRange</span>
                <span class="method-start">1565316 ms</span>
              </div> <!-- test-method -->
              <div class="configuration-method after">
                <span class="method-name">closeApp</span>
                <span class="method-start">1683980 ms</span>
              </div> <!-- configuration-method after -->
              <div class="configuration-method before">
                <span class="method-name">LaunchApp</span>
                <span class="method-start">1684397 ms</span>
              </div> <!-- configuration-method before -->
              <div class="test-method">
                <span class="method-name">fn_verifyExportOfMonthlySummaryReport</span>
                <span class="method-start">1694351 ms</span>
              </div> <!-- test-method -->
              <div class="configuration-method after">
                <span class="method-name">closeApp</span>
                <span class="method-start">1815954 ms</span>
              </div> <!-- configuration-method after -->
              <div class="configuration-method before">
                <span class="method-name">LaunchApp</span>
                <span class="method-start">1816426 ms</span>
              </div> <!-- configuration-method before -->
              <div class="test-method">
                <img src="failed.png">
                </img>
                <span class="method-name">fn_verifyExportOfDiscountReport</span>
                <span class="method-start">1833314 ms</span>
              </div> <!-- test-method -->
              <div class="configuration-method after">
                <span class="method-name">closeApp</span>
                <span class="method-start">1973060 ms</span>
              </div> <!-- configuration-method after -->
              <div class="configuration-method before">
                <span class="method-name">LaunchApp</span>
                <span class="method-start">1973579 ms</span>
              </div> <!-- configuration-method before -->
              <div class="test-method">
                <span class="method-name">fn_verifyExportOfDailySalesReport</span>
                <span class="method-start">1986856 ms</span>
              </div> <!-- test-method -->
              <div class="configuration-method after">
                <span class="method-name">closeApp</span>
                <span class="method-start">2112322 ms</span>
              </div> <!-- configuration-method after -->
              <div class="configuration-method before">
                <span class="method-name">LaunchApp</span>
                <span class="method-start">2112735 ms</span>
              </div> <!-- configuration-method before -->
              <div class="test-method">
                <span class="method-name">fn_verifyCalcOfHouseCountReport</span>
                <span class="method-start">2122782 ms</span>
              </div> <!-- test-method -->
              <div class="configuration-method after">
                <span class="method-name">closeApp</span>
                <span class="method-start">2295171 ms</span>
              </div> <!-- configuration-method after -->
              <div class="configuration-method before">
                <span class="method-name">LaunchApp</span>
                <span class="method-start">2295661 ms</span>
              </div> <!-- configuration-method before -->
              <div class="test-method">
                <img src="failed.png">
                </img>
                <span class="method-name">fn_CreateGroupReservOnWeb</span>
                <span class="method-start">2306533 ms</span>
              </div> <!-- test-method -->
              <div class="configuration-method after">
                <span class="method-name">closeApp</span>
                <span class="method-start">2538863 ms</span>
              </div> <!-- configuration-method after -->
              <div class="configuration-method before">
                <span class="method-name">LaunchApp</span>
                <span class="method-start">2539328 ms</span>
              </div> <!-- configuration-method before -->
              <div class="test-method">
                <img src="failed.png">
                </img>
                <span class="method-name">fn_verifyCheckinBtnInSingleReserv</span>
                <span class="method-start">2556125 ms</span>
              </div> <!-- test-method -->
              <div class="configuration-method after">
                <span class="method-name">closeApp</span>
                <span class="method-start">2754980 ms</span>
              </div> <!-- configuration-method after -->
              <div class="configuration-method before">
                <span class="method-name">LaunchApp</span>
                <span class="method-start">2755804 ms</span>
              </div> <!-- configuration-method before -->
              <div class="test-method">
                <span class="method-name">fn_verifySingleLinkAndCheckinBtn</span>
                <span class="method-start">2766093 ms</span>
              </div> <!-- test-method -->
              <div class="configuration-method after">
                <span class="method-name">closeApp</span>
                <span class="method-start">2938826 ms</span>
              </div> <!-- configuration-method after -->
              <div class="configuration-method before">
                <span class="method-name">LaunchApp</span>
                <span class="method-start">2939200 ms</span>
              </div> <!-- configuration-method before -->
              <div class="test-method">
                <img src="failed.png">
                </img>
                <span class="method-name">fn_verifyEarlyCheckinBtnInReserv</span>
                <span class="method-start">2948657 ms</span>
              </div> <!-- test-method -->
              <div class="configuration-method after">
                <span class="method-name">closeApp</span>
                <span class="method-start">3081392 ms</span>
              </div> <!-- configuration-method after -->
              <div class="configuration-method before">
                <span class="method-name">LaunchApp</span>
                <span class="method-start">3081777 ms</span>
              </div> <!-- configuration-method before -->
              <div class="test-method">
                <img src="failed.png">
                </img>
                <span class="method-name">fn_verifySingleLinkAndEarlyCheckinBtn</span>
                <span class="method-start">3091442 ms</span>
              </div> <!-- test-method -->
              <div class="configuration-method after">
                <span class="method-name">closeApp</span>
                <span class="method-start">3369225 ms</span>
              </div> <!-- configuration-method after -->
              <div class="configuration-method before">
                <span class="method-name">LaunchApp</span>
                <span class="method-start">3369646 ms</span>
              </div> <!-- configuration-method before -->
              <div class="test-method">
                <span class="method-name">fn_verifyGuestCheckInLnkForSingleReserv</span>
                <span class="method-start">3379448 ms</span>
              </div> <!-- test-method -->
              <div class="configuration-method after">
                <span class="method-name">closeApp</span>
                <span class="method-start">3559848 ms</span>
              </div> <!-- configuration-method after -->
              <div class="configuration-method before">
                <span class="method-name">LaunchApp</span>
                <span class="method-start">3560363 ms</span>
              </div> <!-- configuration-method before -->
              <div class="test-method">
                <img src="failed.png">
                </img>
                <span class="method-name">fn_verifySingleLnkAndGuestCheckinLnk</span>
                <span class="method-start">3574262 ms</span>
              </div> <!-- test-method -->
              <div class="configuration-method after">
                <span class="method-name">closeApp</span>
                <span class="method-start">3644866 ms</span>
              </div> <!-- configuration-method after -->
              <div class="configuration-method before">
                <span class="method-name">LaunchApp</span>
                <span class="method-start">3645225 ms</span>
              </div> <!-- configuration-method before -->
              <div class="test-method">
                <span class="method-name">fn_verifyGuestEarlyCheckinLnkInSingleReserv</span>
                <span class="method-start">3661168 ms</span>
              </div> <!-- test-method -->
              <div class="configuration-method after">
                <span class="method-name">closeApp</span>
                <span class="method-start">3850248 ms</span>
              </div> <!-- configuration-method after -->
              <div class="configuration-method before">
                <span class="method-name">LaunchApp</span>
                <span class="method-start">3850623 ms</span>
              </div> <!-- configuration-method before -->
              <div class="test-method">
                <span class="method-name">fn_verifySingleLnkAndEarlyGuestCheckinLnk</span>
                <span class="method-start">3860592 ms</span>
              </div> <!-- test-method -->
              <div class="configuration-method after">
                <span class="method-name">closeApp</span>
                <span class="method-start">4033019 ms</span>
              </div> <!-- configuration-method after -->
              <div class="configuration-method before">
                <span class="method-name">LaunchApp</span>
                <span class="method-start">4033409 ms</span>
              </div> <!-- configuration-method before -->
              <div class="test-method">
                <img src="failed.png">
                </img>
                <span class="method-name">fn_verifyGroupCheckinBtnInGrpReserv</span>
                <span class="method-start">4043370 ms</span>
              </div> <!-- test-method -->
              <div class="configuration-method after">
                <span class="method-name">closeApp</span>
                <span class="method-start">4173056 ms</span>
              </div> <!-- configuration-method after -->
              <div class="configuration-method before">
                <span class="method-name">LaunchApp</span>
                <span class="method-start">4173462 ms</span>
              </div> <!-- configuration-method before -->
              <div class="test-method">
                <img src="failed.png">
                </img>
                <span class="method-name">fn_verifyCheckinSelectedInGrpReserv</span>
                <span class="method-start">4187259 ms</span>
              </div> <!-- test-method -->
              <div class="configuration-method after">
                <span class="method-name">closeApp</span>
                <span class="method-start">4370828 ms</span>
              </div> <!-- configuration-method after -->
              <div class="configuration-method before">
                <span class="method-name">LaunchApp</span>
                <span class="method-start">4371633 ms</span>
              </div> <!-- configuration-method before -->
              <div class="test-method">
                <span class="method-name">fn_verifyGroupCheckinBtnIn1N1RGroupReserv</span>
                <span class="method-start">4383257 ms</span>
              </div> <!-- test-method -->
              <div class="configuration-method after">
                <span class="method-name">closeApp</span>
                <span class="method-start">4560555 ms</span>
              </div> <!-- configuration-method after -->
              <div class="configuration-method before">
                <span class="method-name">LaunchApp</span>
                <span class="method-start">4560960 ms</span>
              </div> <!-- configuration-method before -->
              <div class="test-method">
                <img src="failed.png">
                </img>
                <span class="method-name">fn_verifyCheckinBtnForSingleGuestInGrpReserv</span>
                <span class="method-start">4570884 ms</span>
              </div> <!-- test-method -->
              <div class="configuration-method after">
                <span class="method-name">closeApp</span>
                <span class="method-start">4784969 ms</span>
              </div> <!-- configuration-method after -->
              <div class="configuration-method before">
                <span class="method-name">LaunchApp</span>
                <span class="method-start">4785472 ms</span>
              </div> <!-- configuration-method before -->
              <div class="test-method">
                <img src="failed.png">
                </img>
                <span class="method-name">fn_verifyEarlyCheckinBtnForSingleGuestInGrpReserv</span>
                <span class="method-start">4796750 ms</span>
              </div> <!-- test-method -->
              <div class="configuration-method after">
                <span class="method-name">closeApp</span>
                <span class="method-start">5054328 ms</span>
              </div> <!-- configuration-method after -->
              <div class="configuration-method before">
                <span class="method-name">LaunchApp</span>
                <span class="method-start">5054851 ms</span>
              </div> <!-- configuration-method before -->
              <div class="test-method">
                <img src="failed.png">
                </img>
                <span class="method-name">fn_verifyGuestCheckinBtnForSingleGuestInGrpReserv</span>
                <span class="method-start">5067755 ms</span>
              </div> <!-- test-method -->
              <div class="configuration-method after">
                <span class="method-name">closeApp</span>
                <span class="method-start">5264178 ms</span>
              </div> <!-- configuration-method after -->
              <div class="configuration-method before">
                <span class="method-name">LaunchApp</span>
                <span class="method-start">5264615 ms</span>
              </div> <!-- configuration-method before -->
              <div class="test-method">
                <img src="failed.png">
                </img>
                <span class="method-name">fn_verifyGuestEarlyCheckinBtnForSingleGuestInGrpReserv</span>
                <span class="method-start">5277450 ms</span>
              </div> <!-- test-method -->
              <div class="configuration-method after">
                <span class="method-name">closeApp</span>
                <span class="method-start">5462284 ms</span>
              </div> <!-- configuration-method after -->
              <div class="configuration-method before">
                <span class="method-name">LaunchApp</span>
                <span class="method-start">5467292 ms</span>
              </div> <!-- configuration-method before -->
              <div class="test-method">
                <img src="failed.png">
                </img>
                <span class="method-name">fn_verifyRtClkCheckoutInSingleReserv</span>
                <span class="method-start">5480255 ms</span>
              </div> <!-- test-method -->
              <div class="configuration-method after">
                <span class="method-name">closeApp</span>
                <span class="method-start">5676398 ms</span>
              </div> <!-- configuration-method after -->
              <div class="configuration-method before">
                <span class="method-name">LaunchApp</span>
                <span class="method-start">5676897 ms</span>
              </div> <!-- configuration-method before -->
              <div class="test-method">
                <img src="failed.png">
                </img>
                <span class="method-name">fn_verifyEnableEditingCheckoutInSingleReserv</span>
                <span class="method-start">5693431 ms</span>
              </div> <!-- test-method -->
              <div class="configuration-method after">
                <span class="method-name">closeApp</span>
                <span class="method-start">5885871 ms</span>
              </div> <!-- configuration-method after -->
              <div class="configuration-method before">
                <span class="method-name">LaunchApp</span>
                <span class="method-start">5886371 ms</span>
              </div> <!-- configuration-method before -->
              <div class="test-method">
                <img src="failed.png">
                </img>
                <span class="method-name">fn_verifyEnableEditingLateCheckoutInSingleReserv</span>
                <span class="method-start">5899587 ms</span>
              </div> <!-- test-method -->
              <div class="configuration-method after">
                <span class="method-name">closeApp</span>
                <span class="method-start">6105627 ms</span>
              </div> <!-- configuration-method after -->
              <div class="configuration-method before">
                <span class="method-name">LaunchApp</span>
                <span class="method-start">6106110 ms</span>
              </div> <!-- configuration-method before -->
              <div class="test-method">
                <img src="failed.png">
                </img>
                <span class="method-name">fn_verifyExpressCheckoutInSingleReserv</span>
                <span class="method-start">6119237 ms</span>
              </div> <!-- test-method -->
              <div class="configuration-method after">
                <span class="method-name">closeApp</span>
                <span class="method-start">6324738 ms</span>
              </div> <!-- configuration-method after -->
              <div class="configuration-method before">
                <span class="method-name">LaunchApp</span>
                <span class="method-start">6325222 ms</span>
              </div> <!-- configuration-method before -->
              <div class="test-method">
                <img src="failed.png">
                </img>
                <span class="method-name">fn_verifyGuestCheckoutInSingleReserv</span>
                <span class="method-start">6338430 ms</span>
              </div> <!-- test-method -->
              <div class="configuration-method after">
                <span class="method-name">closeApp</span>
                <span class="method-start">6511098 ms</span>
              </div> <!-- configuration-method after -->
              <div class="configuration-method before">
                <span class="method-name">LaunchApp</span>
                <span class="method-start">6511603 ms</span>
              </div> <!-- configuration-method before -->
              <div class="test-method">
                <img src="failed.png">
                </img>
                <span class="method-name">fn_verifyRgtClickGroupCheckoutLink</span>
                <span class="method-start">6521469 ms</span>
              </div> <!-- test-method -->
              <div class="configuration-method after">
                <span class="method-name">closeApp</span>
                <span class="method-start">6806473 ms</span>
              </div> <!-- configuration-method after -->
              <div class="configuration-method before">
                <span class="method-name">LaunchApp</span>
                <span class="method-start">6806972 ms</span>
              </div> <!-- configuration-method before -->
              <div class="test-method">
                <img src="failed.png">
                </img>
                <span class="method-name">fn_verifyGrpChkoutBtnOnEnableEditing</span>
                <span class="method-start">6820953 ms</span>
              </div> <!-- test-method -->
              <div class="configuration-method after">
                <span class="method-name">closeApp</span>
                <span class="method-start">7090554 ms</span>
              </div> <!-- configuration-method after -->
              <div class="configuration-method before">
                <span class="method-name">LaunchApp</span>
                <span class="method-start">7091038 ms</span>
              </div> <!-- configuration-method before -->
              <div class="test-method">
                <img src="failed.png">
                </img>
                <span class="method-name">fn_verifyCheckoutSelectedInGrpReserv</span>
                <span class="method-start">7104669 ms</span>
              </div> <!-- test-method -->
              <div class="configuration-method after">
                <span class="method-name">closeApp</span>
                <span class="method-start">7397588 ms</span>
              </div> <!-- configuration-method after -->
              <div class="configuration-method before">
                <span class="method-name">LaunchApp</span>
                <span class="method-start">7398072 ms</span>
              </div> <!-- configuration-method before -->
              <div class="test-method">
                <img src="failed.png">
                </img>
                <span class="method-name">fn_verifyGroupChkoutInGrpReserv</span>
                <span class="method-start">7411744 ms</span>
              </div> <!-- test-method -->
              <div class="configuration-method after">
                <span class="method-name">closeApp</span>
                <span class="method-start">7728761 ms</span>
              </div> <!-- configuration-method after -->
              <div class="configuration-method before">
                <span class="method-name">LaunchApp</span>
                <span class="method-start">7729507 ms</span>
              </div> <!-- configuration-method before -->
              <div class="test-method">
                <img src="failed.png">
                </img>
                <span class="method-name">fn_verifyExpressChkoutInGrpReserv</span>
                <span class="method-start">7744152 ms</span>
              </div> <!-- test-method -->
              <div class="configuration-method after">
                <span class="method-name">closeApp</span>
                <span class="method-start">7946459 ms</span>
              </div> <!-- configuration-method after -->
              <div class="configuration-method before">
                <span class="method-name">LaunchApp</span>
                <span class="method-start">7946927 ms</span>
              </div> <!-- configuration-method before -->
              <div class="test-method">
                <img src="failed.png">
                </img>
                <span class="method-name">fn_verifyChkoutForSingleGuestInGrpReserv</span>
                <span class="method-start">7960354 ms</span>
              </div> <!-- test-method -->
              <div class="configuration-method after">
                <span class="method-name">closeApp</span>
                <span class="method-start">8223773 ms</span>
              </div> <!-- configuration-method after -->
              <div class="configuration-method before">
                <span class="method-name">LaunchApp</span>
                <span class="method-start">8224231 ms</span>
              </div> <!-- configuration-method before -->
              <div class="test-method">
                <img src="failed.png">
                </img>
                <span class="method-name">fn_verifyLateChkoutForSingleGuestInGrpReserv</span>
                <span class="method-start">8237172 ms</span>
              </div> <!-- test-method -->
              <div class="configuration-method after">
                <span class="method-name">closeApp</span>
                <span class="method-start">8423345 ms</span>
              </div> <!-- configuration-method after -->
          </div> <!-- main-panel-content rounded-window-bottom -->
        </div> <!-- panel -->
      </div> <!-- main-panel-root -->
    </div> <!-- wrapper -->
  </body>
</html>
